NO LOG FILE! - setting up server logging...
[2020-12-12 20:01:00 INFO] Starting Server
[2020-12-12 20:01:00 INFO] Version 1.16.200.2
[2020-12-12 20:01:00 INFO] Session ID c459362e-8ed5-4173-ad77-02f92f064313
[2020-12-12 20:01:00 INFO] Level Name: level
[2020-12-12 20:01:00 INFO] Game mode: 0 Survival
[2020-12-12 20:01:00 INFO] Difficulty: 3 HARD
[INFO] opening worlds/level/db
[INFO] IPv4 supported, port: 19132
[INFO] IPv6 supported, port: 19133
[INFO] IPv4 supported, port: 56711
[INFO] IPv6 supported, port: 35509
[INFO] Server started.
[INFO] Running AutoCompaction...
[INFO] Running AutoCompaction...
[INFO] Running AutoCompaction...
[INFO] Running AutoCompaction...
say Stopping server (stop.sh called)...
stop
[INFO] Server stop requested.
[INFO] Stopping server...
Quit correctly
