/bin/bash: warning: setlocale: LC_ALL: cannot change locale (en_US.UTF-8)
NO LOG FILE! - setting up server logging...
[2020-11-18 04:19:51 INFO] Starting Server
[2020-11-18 04:19:51 INFO] Version 1.16.100.4
[2020-11-18 04:19:51 INFO] Session ID 1bcfdbcb-7154-4b4c-8a61-417a40bd0e15
[2020-11-18 04:19:51 INFO] Level Name: level
[2020-11-18 04:19:51 INFO] Game mode: 0 Survival
[2020-11-18 04:19:51 INFO] Difficulty: 3 HARD
[INFO] opening worlds/level/db
[INFO] IPv4 supported, port: 19132
[INFO] IPv6 supported, port: 19133
[INFO] IPv4 supported, port: 46087
[INFO] IPv6 supported, port: 55965
[INFO] Server started.
[INFO] Player connected: eric29696261, xuid: 2535446130721457
[INFO] Player disconnected: eric29696261, xuid: 2535446130721457
[INFO] Running AutoCompaction...
[INFO] Running AutoCompaction...
[INFO] Running AutoCompaction...
[INFO] Running AutoCompaction...
[INFO] Running AutoCompaction...
[INFO] Running AutoCompaction...
[INFO] Running AutoCompaction...
[INFO] Player connected: eric29696261, xuid: 2535446130721457
[INFO] Player connected: Qpumpkin0429, xuid: 2535421828952941
[INFO] Player disconnected: eric29696261, xuid: 2535446130721457
[INFO] Player disconnected: Qpumpkin0429, xuid: 2535421828952941
[INFO] Running AutoCompaction...
[INFO] Player connected: SongSoSa0406, xuid: 2535468076989485
[INFO] Player connected: eric29696261, xuid: 2535446130721457
[INFO] Player disconnected: SongSoSa0406, xuid: 2535468076989485
[INFO] Running AutoCompaction...
[INFO] Player disconnected: eric29696261, xuid: 2535446130721457
[INFO] Running AutoCompaction...
[INFO] Running AutoCompaction...
[INFO] Running AutoCompaction...
[INFO] Player connected: Qpumpkin0429, xuid: 2535421828952941
[INFO] Running AutoCompaction...
[INFO] Running AutoCompaction...
[INFO] Player disconnected: Qpumpkin0429, xuid: 2535421828952941
[INFO] Running AutoCompaction...
[INFO] Running AutoCompaction...
[INFO] Player connected: eric29696261, xuid: 2535446130721457
[INFO] Player disconnected: eric29696261, xuid: 2535446130721457
[INFO] Running AutoCompaction...
[INFO] Running AutoCompaction...
[INFO] Running AutoCompaction...
[INFO] Running AutoCompaction...
[INFO] Running AutoCompaction...
[INFO] Player connected: Qpumpkin0429, xuid: 2535421828952941
[INFO] Running AutoCompaction...
[INFO] Player disconnected: Qpumpkin0429, xuid: 2535421828952941
[INFO] Running AutoCompaction...
[INFO] Running AutoCompaction...
[INFO] Running AutoCompaction...
[INFO] Running AutoCompaction...
[INFO] Running AutoCompaction...
[INFO] Player connected: Qpumpkin0429, xuid: 2535421828952941
[INFO] Running AutoCompaction...
[INFO] Running AutoCompaction...
[INFO] Running AutoCompaction...
[INFO] Player connected: eric29696261, xuid: 2535446130721457
[INFO] Running AutoCompaction...
[INFO] Running AutoCompaction...
[INFO] Player disconnected: Qpumpkin0429, xuid: 2535421828952941
[INFO] Player disconnected: eric29696261, xuid: 2535446130721457
[INFO] Running AutoCompaction...
[INFO] Running AutoCompaction...
[INFO] Running AutoCompaction...
[INFO] Player connected: eric29696261, xuid: 2535446130721457
[INFO] Player disconnected: eric29696261, xuid: 2535446130721457
[INFO] Player connected: eric29696261, xuid: 2535446130721457
[INFO] Player disconnected: eric29696261, xuid: 2535446130721457
[INFO] Running AutoCompaction...
[INFO] Player connected: eric29696261, xuid: 2535446130721457
[INFO] Player disconnected: eric29696261, xuid: 2535446130721457
[INFO] Running AutoCompaction...
[INFO] Player connected: eric29696261, xuid: 2535446130721457
[INFO] Player disconnected: eric29696261, xuid: 2535446130721457
[INFO] Running AutoCompaction...
[INFO] Running AutoCompaction...
[INFO] Running AutoCompaction...
[INFO] Running AutoCompaction...
[INFO] Running AutoCompaction...
[INFO] Running AutoCompaction...
[INFO] Running AutoCompaction...
[INFO] Running AutoCompaction...
[INFO] Running AutoCompaction...
[INFO] Running AutoCompaction...
[INFO] Running AutoCompaction...
[INFO] Running AutoCompaction...
[INFO] Running AutoCompaction...
[INFO] Running AutoCompaction...
[INFO] Running AutoCompaction...
[INFO] Running AutoCompaction...
[INFO] Running AutoCompaction...
[INFO] Running AutoCompaction...
[INFO] Running AutoCompaction...
[INFO] Running AutoCompaction...
[INFO] Running AutoCompaction...
[INFO] Running AutoCompaction...
[INFO] Running AutoCompaction...
[INFO] Player connected: eric29696261, xuid: 2535446130721457
[INFO] Running AutoCompaction...
[INFO] Player disconnected: eric29696261, xuid: 2535446130721457
[INFO] Running AutoCompaction...
version
Unknown command: version. Please check that the command exists and that you have permission to use it.
save-on
Unknown command: save-on. Please check that the command exists and that you have permission to use it.
tp
Syntax error: Unexpected "": at "/tp>><<"

Unknown command: . Please check that the command exists and that you have permission to use it.
h[INFO] Running AutoCompaction...
 
Unknown command: . Please check that the command exists and that you have permission to use it.

Unknown command: . Please check that the command exists and that you have permission to use it.

Unknown command: . Please check that the command exists and that you have permission to use it.

Unknown command: . Please check that the command exists and that you have permission to use it.

Unknown command: . Please check that the command exists and that you have permission to use it.
[INFO] Running AutoCompaction...
[INFO] Running AutoCompaction...
[INFO] Running AutoCompaction...
[INFO] Running AutoCompaction...
[INFO] Running AutoCompaction...
[INFO] Running AutoCompaction...
[INFO] Running AutoCompaction...
[INFO] Running AutoCompaction...
[INFO] Running AutoCompaction...
[INFO] Running AutoCompaction...
[INFO] Running AutoCompaction...
[INFO] Running AutoCompaction...
[INFO] Running AutoCompaction...
[INFO] Running AutoCompaction...
[INFO] Running AutoCompaction...
[INFO] Running AutoCompaction...
[INFO] Running AutoCompaction...
[INFO] Running AutoCompaction...
[INFO] Running AutoCompaction...
[INFO] Running AutoCompaction...
[INFO] Running AutoCompaction...
[INFO] Running AutoCompaction...
[INFO] Running AutoCompaction...
[INFO] Running AutoCompaction...
[INFO] Running AutoCompaction...
[INFO] Running AutoCompaction...
[INFO] Running AutoCompaction...
[INFO] Running AutoCompaction...
[INFO] Running AutoCompaction...
[INFO] Running AutoCompaction...
[INFO] Running AutoCompaction...
[INFO] Running AutoCompaction...
[INFO] Running AutoCompaction...
[INFO] Running AutoCompaction...
[INFO] Running AutoCompaction...
[INFO] Running AutoCompaction...
[INFO] Running AutoCompaction...
[INFO] Running AutoCompaction...
[INFO] Running AutoCompaction...
[INFO] Running AutoCompaction...
[INFO] Running AutoCompaction...
[INFO] Running AutoCompaction...
stop
[INFO] Server stop requested.
[INFO] Stopping server...
Quit correctly
