NO LOG FILE! - setting up server logging...
[2020-11-14 04:00:56 INFO] Starting Server
[2020-11-14 04:00:56 INFO] Version 1.16.40.2
[2020-11-14 04:00:56 INFO] Session ID 5ad71b3e-3773-430e-bb63-a9707e8ea019
[2020-11-14 04:00:56 INFO] Level Name: level
[2020-11-14 04:00:56 INFO] Game mode: 0 Survival
[2020-11-14 04:00:56 INFO] Difficulty: 3 HARD
[2020-11-14 04:00:56 INFO] opening worlds/level/db
[2020-11-14 04:01:03 INFO] IPv4 supported, port: 19132
[2020-11-14 04:01:03 INFO] IPv6 supported, port: 19133
[2020-11-14 04:01:03 INFO] IPv4 supported, port: 56946
[2020-11-14 04:01:03 INFO] IPv6 supported, port: 44073
[2020-11-14 04:01:05 INFO] Server started.
[2020-11-14 11:12:12 INFO] Player connected: Yuuuu327, xuid: 2535447982356384
[2020-11-14 11:33:48 INFO] Player disconnected: Yuuuu327, xuid: 2535447982356384
[2020-11-14 11:38:54 INFO] Running AutoCompaction...
[2020-11-14 11:44:58 INFO] Running AutoCompaction...
[2020-11-14 11:50:58 INFO] Running AutoCompaction...
[2020-11-14 11:56:58 INFO] Running AutoCompaction...
[2020-11-14 12:02:58 INFO] Running AutoCompaction...
[2020-11-14 12:09:00 INFO] Running AutoCompaction...
[2020-11-14 12:15:00 INFO] Running AutoCompaction...
[2020-11-14 12:21:00 INFO] Running AutoCompaction...
[2020-11-14 12:27:00 INFO] Running AutoCompaction...
[2020-11-14 12:28:34 INFO] Player connected: eric29696261, xuid: 2535446130721457
[2020-11-14 12:33:02 INFO] Running AutoCompaction...
[2020-11-14 12:33:27 INFO] Player disconnected: eric29696261, xuid: 2535446130721457
[2020-11-14 12:39:02 INFO] Running AutoCompaction...
[2020-11-14 12:45:02 INFO] Running AutoCompaction...
[2020-11-14 12:51:02 INFO] Running AutoCompaction...
[2020-11-14 12:57:07 INFO] Running AutoCompaction...
[2020-11-14 13:03:07 INFO] Running AutoCompaction...
[2020-11-14 13:09:07 INFO] Running AutoCompaction...
[2020-11-14 13:15:07 INFO] Running AutoCompaction...
[2020-11-14 13:21:09 INFO] Running AutoCompaction...
[2020-11-14 13:27:09 INFO] Running AutoCompaction...
[2020-11-14 13:33:09 INFO] Running AutoCompaction...
[2020-11-14 13:39:09 INFO] Running AutoCompaction...
[2020-11-14 13:45:11 INFO] Running AutoCompaction...
[2020-11-14 13:51:11 INFO] Running AutoCompaction...
[2020-11-14 13:57:11 INFO] Running AutoCompaction...
[2020-11-14 14:03:11 INFO] Running AutoCompaction...
[2020-11-14 14:09:13 INFO] Running AutoCompaction...
[2020-11-14 14:15:13 INFO] Running AutoCompaction...
[2020-11-14 14:21:13 INFO] Running AutoCompaction...
[2020-11-14 14:27:13 INFO] Running AutoCompaction...
[2020-11-14 14:33:15 INFO] Running AutoCompaction...
[2020-11-14 14:39:15 INFO] Running AutoCompaction...
[2020-11-14 14:45:15 INFO] Running AutoCompaction...
[2020-11-14 14:51:15 INFO] Running AutoCompaction...
[2020-11-14 14:57:17 INFO] Running AutoCompaction...
[2020-11-14 15:03:17 INFO] Running AutoCompaction...
[2020-11-14 15:09:17 INFO] Running AutoCompaction...
[2020-11-14 15:15:17 INFO] Running AutoCompaction...
[2020-11-14 15:21:19 INFO] Running AutoCompaction...
[2020-11-14 15:27:19 INFO] Running AutoCompaction...
[2020-11-14 15:33:19 INFO] Running AutoCompaction...
[2020-11-14 15:39:19 INFO] Running AutoCompaction...
[2020-11-14 15:45:21 INFO] Running AutoCompaction...
[2020-11-14 15:51:21 INFO] Running AutoCompaction...
[2020-11-14 15:57:21 INFO] Running AutoCompaction...
[2020-11-14 16:03:21 INFO] Running AutoCompaction...
[2020-11-14 16:09:23 INFO] Running AutoCompaction...
[2020-11-14 16:15:23 INFO] Running AutoCompaction...
[2020-11-14 16:21:23 INFO] Running AutoCompaction...
[2020-11-14 16:27:23 INFO] Running AutoCompaction...
[2020-11-14 16:29:19 INFO] Player connected: eric29696261, xuid: 2535446130721457
[2020-11-14 16:31:43 INFO] Player connected: SongSoSa0406, xuid: 2535468076989485
[2020-11-14 16:32:16 INFO] Player disconnected: eric29696261, xuid: 2535446130721457
[2020-11-14 16:33:00 INFO] Player connected: eric29696261, xuid: 2535446130721457
[2020-11-14 16:33:25 INFO] Running AutoCompaction...
[2020-11-14 16:42:33 INFO] Running AutoCompaction...
[2020-11-14 16:54:52 INFO] Running AutoCompaction...
[2020-11-14 17:03:14 INFO] Running AutoCompaction...
[2020-11-14 17:03:29 INFO] Player disconnected: SongSoSa0406, xuid: 2535468076989485
[2020-11-14 17:04:27 INFO] Player connected: SongSoSa0406, xuid: 2535468076989485
[2020-11-14 17:13:17 INFO] Running AutoCompaction...
[2020-11-14 17:25:00 INFO] Running AutoCompaction...
[2020-11-14 17:28:35 INFO] Player disconnected: SongSoSa0406, xuid: 2535468076989485
[2020-11-14 17:28:52 INFO] Player connected: SongSoSa0406, xuid: 2535468076989485
[2020-11-14 17:36:22 INFO] Running AutoCompaction...
[2020-11-14 17:44:03 INFO] Player disconnected: SongSoSa0406, xuid: 2535468076989485
[2020-11-14 17:46:55 INFO] Running AutoCompaction...
[2020-11-14 17:52:55 INFO] Running AutoCompaction...
[2020-11-14 17:54:23 INFO] Player disconnected: eric29696261, xuid: 2535446130721457
[2020-11-14 17:58:56 INFO] Running AutoCompaction...
[2020-11-14 18:04:56 INFO] Running AutoCompaction...
[2020-11-14 18:11:00 INFO] Running AutoCompaction...
[2020-11-14 18:17:00 INFO] Running AutoCompaction...
[2020-11-14 18:23:00 INFO] Running AutoCompaction...
[2020-11-14 18:29:00 INFO] Running AutoCompaction...
[2020-11-14 18:35:02 INFO] Running AutoCompaction...
[2020-11-14 18:41:02 INFO] Running AutoCompaction...
[2020-11-14 18:47:02 INFO] Running AutoCompaction...
[2020-11-14 18:53:02 INFO] Running AutoCompaction...
[2020-11-14 18:59:04 INFO] Running AutoCompaction...
[2020-11-14 19:05:04 INFO] Running AutoCompaction...
[2020-11-14 19:11:04 INFO] Running AutoCompaction...
[2020-11-14 19:17:04 INFO] Running AutoCompaction...
[2020-11-14 19:23:06 INFO] Running AutoCompaction...
[2020-11-14 19:29:06 INFO] Running AutoCompaction...
[2020-11-14 19:35:06 INFO] Running AutoCompaction...
[2020-11-14 19:41:06 INFO] Running AutoCompaction...
[2020-11-14 19:47:08 INFO] Running AutoCompaction...
[2020-11-14 19:53:08 INFO] Running AutoCompaction...
[2020-11-14 19:59:08 INFO] Running AutoCompaction...
[2020-11-14 20:05:08 INFO] Running AutoCompaction...
[2020-11-14 20:11:10 INFO] Running AutoCompaction...
[2020-11-14 20:17:10 INFO] Running AutoCompaction...
[2020-11-14 20:23:10 INFO] Running AutoCompaction...
[2020-11-14 20:29:10 INFO] Running AutoCompaction...
[2020-11-14 20:35:12 INFO] Running AutoCompaction...
[2020-11-14 20:41:12 INFO] Running AutoCompaction...
[2020-11-14 20:47:12 INFO] Running AutoCompaction...
[2020-11-14 20:53:12 INFO] Running AutoCompaction...
[2020-11-14 20:59:14 INFO] Running AutoCompaction...
[2020-11-14 21:05:14 INFO] Running AutoCompaction...
[2020-11-14 21:11:14 INFO] Running AutoCompaction...
[2020-11-14 21:17:14 INFO] Running AutoCompaction...
[2020-11-14 21:23:16 INFO] Running AutoCompaction...
[2020-11-14 21:29:16 INFO] Running AutoCompaction...
[2020-11-14 21:35:16 INFO] Running AutoCompaction...
[2020-11-14 21:41:16 INFO] Running AutoCompaction...
[2020-11-14 21:47:18 INFO] Running AutoCompaction...
[2020-11-14 21:53:18 INFO] Running AutoCompaction...
[2020-11-14 21:59:18 INFO] Running AutoCompaction...
[2020-11-14 22:05:18 INFO] Running AutoCompaction...
[2020-11-14 22:11:20 INFO] Running AutoCompaction...
[2020-11-14 22:17:20 INFO] Running AutoCompaction...
[2020-11-14 22:23:20 INFO] Running AutoCompaction...
[2020-11-14 22:29:20 INFO] Running AutoCompaction...
[2020-11-14 22:35:22 INFO] Running AutoCompaction...
[2020-11-14 22:41:22 INFO] Running AutoCompaction...
[2020-11-14 22:47:22 INFO] Running AutoCompaction...
[2020-11-14 22:53:22 INFO] Running AutoCompaction...
[2020-11-14 22:59:24 INFO] Running AutoCompaction...
[2020-11-14 23:05:24 INFO] Running AutoCompaction...
[2020-11-14 23:11:24 INFO] Running AutoCompaction...
[2020-11-14 23:17:24 INFO] Running AutoCompaction...
[2020-11-14 23:23:26 INFO] Running AutoCompaction...
[2020-11-14 23:29:26 INFO] Running AutoCompaction...
[2020-11-14 23:35:26 INFO] Running AutoCompaction...
[2020-11-14 23:41:26 INFO] Running AutoCompaction...
[2020-11-14 23:47:28 INFO] Running AutoCompaction...
[2020-11-14 23:53:28 INFO] Running AutoCompaction...
[2020-11-14 23:59:28 INFO] Running AutoCompaction...
[2020-11-15 00:05:28 INFO] Running AutoCompaction...
[2020-11-15 00:11:30 INFO] Running AutoCompaction...
[2020-11-15 00:17:30 INFO] Running AutoCompaction...
[2020-11-15 00:23:30 INFO] Running AutoCompaction...
[2020-11-15 00:29:30 INFO] Running AutoCompaction...
[2020-11-15 00:35:32 INFO] Running AutoCompaction...
[2020-11-15 00:41:32 INFO] Running AutoCompaction...
[2020-11-15 00:47:32 INFO] Running AutoCompaction...
[2020-11-15 00:53:32 INFO] Running AutoCompaction...
[2020-11-15 00:59:34 INFO] Running AutoCompaction...
[2020-11-15 01:05:34 INFO] Running AutoCompaction...
[2020-11-15 01:11:34 INFO] Running AutoCompaction...
[2020-11-15 01:17:34 INFO] Running AutoCompaction...
[2020-11-15 01:23:36 INFO] Running AutoCompaction...
[2020-11-15 01:29:36 INFO] Running AutoCompaction...
[2020-11-15 01:35:36 INFO] Running AutoCompaction...
[2020-11-15 01:41:36 INFO] Running AutoCompaction...
[2020-11-15 01:47:38 INFO] Running AutoCompaction...
[2020-11-15 01:53:38 INFO] Running AutoCompaction...
[2020-11-15 01:59:38 INFO] Running AutoCompaction...
[2020-11-15 02:05:38 INFO] Running AutoCompaction...
[2020-11-15 02:11:40 INFO] Running AutoCompaction...
[2020-11-15 02:17:40 INFO] Running AutoCompaction...
[2020-11-15 02:23:40 INFO] Running AutoCompaction...
[2020-11-15 02:29:40 INFO] Running AutoCompaction...
[2020-11-15 02:35:42 INFO] Running AutoCompaction...
[2020-11-15 02:41:42 INFO] Running AutoCompaction...
[2020-11-15 02:47:42 INFO] Running AutoCompaction...
[2020-11-15 02:53:42 INFO] Running AutoCompaction...
[2020-11-15 02:59:44 INFO] Running AutoCompaction...
[2020-11-15 03:05:44 INFO] Running AutoCompaction...
[2020-11-15 03:11:44 INFO] Running AutoCompaction...
[2020-11-15 03:17:44 INFO] Running AutoCompaction...
[2020-11-15 03:23:46 INFO] Running AutoCompaction...
[2020-11-15 03:29:46 INFO] Running AutoCompaction...
[2020-11-15 03:35:46 INFO] Running AutoCompaction...
[2020-11-15 03:41:46 INFO] Running AutoCompaction...
[2020-11-15 03:47:48 INFO] Running AutoCompaction...
[2020-11-15 03:53:48 INFO] Running AutoCompaction...
[2020-11-15 03:59:48 INFO] Running AutoCompaction...
say Server is restarting in 30 seconds! 
say Server is restarting in 7 seconds! 
say Server is restarting in 6 seconds! 
say Server is restarting in 5 seconds! 
say Server is restarting in 4 seconds! 
say Server is restarting in 3 seconds! 
say Server is restarting in 2 seconds! 
say Server is restarting in 1 second! 
say Closing server...
stop
[2020-11-15 04:00:31 INFO] Server stop requested.
[2020-11-15 04:00:31 INFO] Stopping server...
Quit correctly
