NO LOG FILE! - setting up server logging...
[2020-11-28 20:00:58 INFO] Starting Server
[2020-11-28 20:00:58 INFO] Version 1.16.101.1
[2020-11-28 20:00:58 INFO] Session ID 6e879855-6786-4e4f-add7-b98e32bda25a
[2020-11-28 20:00:58 INFO] Level Name: level
[2020-11-28 20:00:58 INFO] Game mode: 0 Survival
[2020-11-28 20:00:58 INFO] Difficulty: 3 HARD
[INFO] opening worlds/level/db
[INFO] IPv4 supported, port: 19132
[INFO] IPv6 supported, port: 19133
[INFO] IPv4 supported, port: 57649
[INFO] IPv6 supported, port: 41743
[INFO] Server started.
[INFO] Running AutoCompaction...
[INFO] Running AutoCompaction...
[INFO] Running AutoCompaction...
[INFO] Running AutoCompaction...
say Stopping server (stop.sh called)...
stop
[INFO] Server stop requested.
[INFO] Stopping server...
Quit correctly
