NO LOG FILE! - setting up server logging...
[2020-11-20 20:00:59 INFO] Starting Server
[2020-11-20 20:00:59 INFO] Version 1.16.100.4
[2020-11-20 20:00:59 INFO] Session ID 47a76479-7488-475f-af0a-0439d8a6d014
[2020-11-20 20:00:59 INFO] Level Name: level
[2020-11-20 20:00:59 INFO] Game mode: 0 Survival
[2020-11-20 20:00:59 INFO] Difficulty: 3 HARD
[INFO] opening worlds/level/db
[INFO] IPv4 supported, port: 19132
[INFO] IPv6 supported, port: 19133
[INFO] IPv4 supported, port: 49279
[INFO] IPv6 supported, port: 57001
[INFO] Server started.
[INFO] Running AutoCompaction...
[INFO] Running AutoCompaction...
[INFO] Running AutoCompaction...
[INFO] Running AutoCompaction...
say Stopping server (stop.sh called)...
stop
[INFO] Server stop requested.
[INFO] Stopping server...
Quit correctly
