NO LOG FILE! - setting up server logging...
[2020-11-17 04:00:56 INFO] Starting Server
[2020-11-17 04:00:56 INFO] Version 1.16.40.2
[2020-11-17 04:00:56 INFO] Session ID 145f5793-5d92-41f0-bf57-418db09fd523
[2020-11-17 04:00:56 INFO] Level Name: level
[2020-11-17 04:00:56 INFO] Game mode: 0 Survival
[2020-11-17 04:00:56 INFO] Difficulty: 3 HARD
[2020-11-17 04:00:56 INFO] opening worlds/level/db
[2020-11-17 04:01:02 INFO] IPv4 supported, port: 19132
[2020-11-17 04:01:02 INFO] IPv6 supported, port: 19133
[2020-11-17 04:01:02 INFO] IPv4 supported, port: 48623
[2020-11-17 04:01:02 INFO] IPv6 supported, port: 59332
[2020-11-17 04:01:05 INFO] Server started.
[2020-11-17 04:03:53 INFO] Player connected: eric29696261, xuid: 2535446130721457
[2020-11-17 04:07:07 INFO] Player disconnected: eric29696261, xuid: 2535446130721457
[2020-11-17 04:07:08 INFO] Player connected: Qpumpkin0429, xuid: 2535421828952941
[2020-11-17 04:08:28 INFO] Player connected: eric29696261, xuid: 2535446130721457
[2020-11-17 04:08:40 INFO] Player disconnected: Qpumpkin0429, xuid: 2535421828952941
[2020-11-17 04:09:12 INFO] Player disconnected: eric29696261, xuid: 2535446130721457
[2020-11-17 04:10:12 INFO] Running AutoCompaction...
[2020-11-17 04:16:12 INFO] Running AutoCompaction...
[2020-11-17 04:22:12 INFO] Running AutoCompaction...
[2020-11-17 04:28:12 INFO] Running AutoCompaction...
[2020-11-17 04:34:15 INFO] Running AutoCompaction...
[2020-11-17 04:40:15 INFO] Running AutoCompaction...
[2020-11-17 04:46:15 INFO] Running AutoCompaction...
[2020-11-17 04:52:15 INFO] Running AutoCompaction...
[2020-11-17 04:53:08 INFO] Player connected: Yuuuu327, xuid: 2535447982356384
[2020-11-17 04:55:10 INFO] Player connected: eric29696261, xuid: 2535446130721457
[2020-11-17 04:55:20 INFO] Player connected: Qpumpkin0429, xuid: 2535421828952941
[2020-11-17 04:58:17 INFO] Running AutoCompaction...
[2020-11-17 05:07:16 INFO] Running AutoCompaction...
[2020-11-17 05:10:06 INFO] Player disconnected: Yuuuu327, xuid: 2535447982356384
[2020-11-17 05:14:05 INFO] Running AutoCompaction...
[2020-11-17 05:16:20 INFO] Player connected: Yuuuu327, xuid: 2535447982356384
[2020-11-17 05:21:05 INFO] Running AutoCompaction...
[2020-11-17 05:29:13 INFO] Running AutoCompaction...
[2020-11-17 05:31:38 INFO] Player disconnected: Yuuuu327, xuid: 2535447982356384
[2020-11-17 05:33:19 INFO] Player connected: SongSoSa0406, xuid: 2535468076989485
[2020-11-17 05:37:41 INFO] Running AutoCompaction...
[2020-11-17 05:46:20 INFO] Running AutoCompaction...
[2020-11-17 05:48:53 INFO] Player disconnected: SongSoSa0406, xuid: 2535468076989485
[2020-11-17 05:55:05 INFO] Running AutoCompaction...
[2020-11-17 05:59:36 INFO] Player disconnected: Qpumpkin0429, xuid: 2535421828952941
[2020-11-17 06:04:23 INFO] Running AutoCompaction...
[2020-11-17 06:10:24 INFO] Running AutoCompaction...
[2020-11-17 06:16:24 INFO] Running AutoCompaction...
[2020-11-17 06:26:18 INFO] Running AutoCompaction...
[2020-11-17 06:34:06 INFO] Player disconnected: eric29696261, xuid: 2535446130721457
[2020-11-17 06:37:31 INFO] Running AutoCompaction...
[2020-11-17 06:43:32 INFO] Running AutoCompaction...
[2020-11-17 06:49:32 INFO] Running AutoCompaction...
[2020-11-17 06:55:32 INFO] Running AutoCompaction...
[2020-11-17 07:01:36 INFO] Running AutoCompaction...
[2020-11-17 07:07:36 INFO] Running AutoCompaction...
[2020-11-17 07:09:57 INFO] Player connected: Qpumpkin0429, xuid: 2535421828952941
[2020-11-17 07:13:36 INFO] Running AutoCompaction...
[2020-11-17 07:23:26 INFO] Running AutoCompaction...
[2020-11-17 07:29:26 INFO] Running AutoCompaction...
[2020-11-17 07:35:26 INFO] Running AutoCompaction...
[2020-11-17 07:44:51 INFO] Player connected: eric29696261, xuid: 2535446130721457
[2020-11-17 07:44:53 INFO] Running AutoCompaction...
[2020-11-17 07:55:06 INFO] Running AutoCompaction...
[2020-11-17 07:55:09 INFO] Player disconnected: eric29696261, xuid: 2535446130721457
[2020-11-17 07:59:26 INFO] Player connected: eric29696261, xuid: 2535446130721457
[2020-11-17 08:02:34 INFO] Player disconnected: eric29696261, xuid: 2535446130721457
[2020-11-17 08:06:43 INFO] Running AutoCompaction...
[2020-11-17 08:12:44 INFO] Running AutoCompaction...
[2020-11-17 08:18:44 INFO] Running AutoCompaction...
[2020-11-17 08:19:30 INFO] Player disconnected: Qpumpkin0429, xuid: 2535421828952941
[2020-11-17 08:21:18 INFO] Player connected: Qpumpkin0429, xuid: 2535421828952941
[2020-11-17 08:30:09 INFO] Running AutoCompaction...
[2020-11-17 08:36:09 INFO] Running AutoCompaction...
[2020-11-17 08:37:03 INFO] Player connected: Yuuuu327, xuid: 2535447982356384
[2020-11-17 08:41:24 INFO] Player disconnected: Qpumpkin0429, xuid: 2535421828952941
[2020-11-17 08:42:25 INFO] Player connected: Qpumpkin0429, xuid: 2535421828952941
[2020-11-17 08:46:10 INFO] Running AutoCompaction...
[2020-11-17 08:52:10 INFO] Running AutoCompaction...
[2020-11-17 08:58:05 INFO] Player connected: eric29696261, xuid: 2535446130721457
[2020-11-17 08:58:10 INFO] Running AutoCompaction...
[2020-11-17 08:59:52 INFO] Player disconnected: Qpumpkin0429, xuid: 2535421828952941
[2020-11-17 09:00:05 INFO] Player disconnected: eric29696261, xuid: 2535446130721457
[2020-11-17 09:02:34 INFO] Player disconnected: Yuuuu327, xuid: 2535447982356384
[2020-11-17 09:07:42 INFO] Player connected: eric29696261, xuid: 2535446130721457
[2020-11-17 09:08:12 INFO] Running AutoCompaction...
[2020-11-17 09:09:04 INFO] Player disconnected: eric29696261, xuid: 2535446130721457
[2020-11-17 09:14:12 INFO] Running AutoCompaction...
[2020-11-17 09:20:12 INFO] Running AutoCompaction...
[2020-11-17 09:26:12 INFO] Running AutoCompaction...
[2020-11-17 09:32:16 INFO] Running AutoCompaction...
[2020-11-17 09:38:16 INFO] Running AutoCompaction...
[2020-11-17 09:44:16 INFO] Running AutoCompaction...
[2020-11-17 09:50:16 INFO] Running AutoCompaction...
[2020-11-17 09:56:18 INFO] Running AutoCompaction...
[2020-11-17 10:02:18 INFO] Running AutoCompaction...
[2020-11-17 10:08:18 INFO] Running AutoCompaction...
[2020-11-17 10:14:18 INFO] Running AutoCompaction...
[2020-11-17 10:20:21 INFO] Running AutoCompaction...
[2020-11-17 10:26:21 INFO] Running AutoCompaction...
[2020-11-17 10:32:21 INFO] Running AutoCompaction...
[2020-11-17 10:38:21 INFO] Running AutoCompaction...
[2020-11-17 10:44:23 INFO] Running AutoCompaction...
[2020-11-17 10:49:26 INFO] Player connected: Qpumpkin0429, xuid: 2535421828952941
[2020-11-17 10:50:23 INFO] Running AutoCompaction...
[2020-11-17 10:56:16 INFO] Player disconnected: Qpumpkin0429, xuid: 2535421828952941
[2020-11-17 10:56:29 INFO] Player connected: Qpumpkin0429, xuid: 2535421828952941
[2020-11-17 11:00:01 INFO] Running AutoCompaction...
[2020-11-17 11:11:04 INFO] Running AutoCompaction...
[2020-11-17 11:13:15 INFO] Player disconnected: Qpumpkin0429, xuid: 2535421828952941
[2020-11-17 11:16:48 INFO] Player connected: Qpumpkin0429, xuid: 2535421828952941
[2020-11-17 11:17:05 INFO] Running AutoCompaction...
[2020-11-17 11:26:52 INFO] Running AutoCompaction...
[2020-11-17 11:32:52 INFO] Running AutoCompaction...
[2020-11-17 11:38:52 INFO] Running AutoCompaction...
[2020-11-17 11:43:02 INFO] Player connected: eric29696261, xuid: 2535446130721457
[2020-11-17 11:48:04 INFO] Player disconnected: Qpumpkin0429, xuid: 2535421828952941
[2020-11-17 11:49:54 INFO] Player disconnected: eric29696261, xuid: 2535446130721457
[2020-11-17 11:50:13 INFO] Running AutoCompaction...
[2020-11-17 11:56:13 INFO] Running AutoCompaction...
[2020-11-17 12:02:13 INFO] Running AutoCompaction...
[2020-11-17 12:08:13 INFO] Running AutoCompaction...
[2020-11-17 12:14:18 INFO] Running AutoCompaction...
[2020-11-17 12:20:18 INFO] Running AutoCompaction...
[2020-11-17 12:26:18 INFO] Running AutoCompaction...
[2020-11-17 12:32:18 INFO] Running AutoCompaction...
[2020-11-17 12:38:20 INFO] Running AutoCompaction...
[2020-11-17 12:44:20 INFO] Running AutoCompaction...
[2020-11-17 12:50:20 INFO] Running AutoCompaction...
[2020-11-17 12:50:27 INFO] Player connected: eric29696261, xuid: 2535446130721457
[2020-11-17 12:56:20 INFO] Running AutoCompaction...
[2020-11-17 13:02:24 INFO] Running AutoCompaction...
[2020-11-17 13:11:40 INFO] Player disconnected: eric29696261, xuid: 2535446130721457
[2020-11-17 13:12:31 INFO] Running AutoCompaction...
[2020-11-17 13:18:31 INFO] Running AutoCompaction...
[2020-11-17 13:24:31 INFO] Running AutoCompaction...
[2020-11-17 13:30:31 INFO] Running AutoCompaction...
[2020-11-17 13:36:36 INFO] Running AutoCompaction...
[2020-11-17 13:42:36 INFO] Running AutoCompaction...
[2020-11-17 13:48:36 INFO] Running AutoCompaction...
[2020-11-17 13:54:36 INFO] Running AutoCompaction...
[2020-11-17 14:00:38 INFO] Running AutoCompaction...
[2020-11-17 14:06:38 INFO] Running AutoCompaction...
[2020-11-17 14:12:38 INFO] Running AutoCompaction...
[2020-11-17 14:18:38 INFO] Running AutoCompaction...
[2020-11-17 14:24:40 INFO] Running AutoCompaction...
[2020-11-17 14:30:40 INFO] Running AutoCompaction...
[2020-11-17 14:36:40 INFO] Running AutoCompaction...
[2020-11-17 14:42:40 INFO] Running AutoCompaction...
[2020-11-17 14:48:42 INFO] Running AutoCompaction...
[2020-11-17 14:54:42 INFO] Running AutoCompaction...
[2020-11-17 14:56:00 INFO] Player connected: Qpumpkin0429, xuid: 2535421828952941
[2020-11-17 14:56:44 INFO] Player connected: eric29696261, xuid: 2535446130721457
[2020-11-17 14:57:47 INFO] Player disconnected: eric29696261, xuid: 2535446130721457
[2020-11-17 15:00:04 INFO] Player connected: eric29696261, xuid: 2535446130721457
[2020-11-17 15:00:42 INFO] Running AutoCompaction...
[2020-11-17 15:04:43 INFO] Player disconnected: Qpumpkin0429, xuid: 2535421828952941
[2020-11-17 15:04:43 INFO] Player disconnected: eric29696261, xuid: 2535446130721457
[2020-11-17 15:05:06 INFO] Player connected: Qpumpkin0429, xuid: 2535421828952941
[2020-11-17 15:08:36 INFO] Player disconnected: Qpumpkin0429, xuid: 2535421828952941
[2020-11-17 15:10:16 INFO] Running AutoCompaction...
[2020-11-17 15:16:17 INFO] Running AutoCompaction...
[2020-11-17 15:22:17 INFO] Running AutoCompaction...
[2020-11-17 15:27:20 INFO] Player connected: Qpumpkin0429, xuid: 2535421828952941
[2020-11-17 15:28:17 INFO] Running AutoCompaction...
[2020-11-17 15:34:36 INFO] Running AutoCompaction...
[2020-11-17 15:40:36 INFO] Running AutoCompaction...
[2020-11-17 15:46:36 INFO] Running AutoCompaction...
[2020-11-17 15:52:36 INFO] Running AutoCompaction...
[2020-11-17 15:58:40 INFO] Running AutoCompaction...
[2020-11-17 16:20:45 INFO] Running AutoCompaction...
[2020-11-17 16:24:34 INFO] Player disconnected: Qpumpkin0429, xuid: 2535421828952941
[2020-11-17 16:26:45 INFO] Running AutoCompaction...
[2020-11-17 16:32:45 INFO] Running AutoCompaction...
[2020-11-17 16:38:45 INFO] Running AutoCompaction...
[2020-11-17 16:44:49 INFO] Running AutoCompaction...
[2020-11-17 16:48:00 INFO] Player connected: eric29696261, xuid: 2535446130721457
[2020-11-17 16:50:49 INFO] Running AutoCompaction...
[2020-11-17 16:59:38 INFO] Running AutoCompaction...
[2020-11-17 17:10:23 INFO] Running AutoCompaction...
[2020-11-17 17:19:46 INFO] Running AutoCompaction...
[2020-11-17 17:31:17 INFO] Running AutoCompaction...
[2020-11-17 17:40:34 INFO] Running AutoCompaction...
[2020-11-17 17:41:14 INFO] Player disconnected: eric29696261, xuid: 2535446130721457
[2020-11-17 17:46:35 INFO] Running AutoCompaction...
[2020-11-17 17:52:35 INFO] Running AutoCompaction...
[2020-11-17 17:58:35 INFO] Running AutoCompaction...
[2020-11-17 18:04:38 INFO] Running AutoCompaction...
[2020-11-17 18:10:38 INFO] Running AutoCompaction...
[2020-11-17 18:16:38 INFO] Running AutoCompaction...
[2020-11-17 18:22:38 INFO] Running AutoCompaction...
[2020-11-17 18:28:40 INFO] Running AutoCompaction...
[2020-11-17 18:34:40 INFO] Running AutoCompaction...
[2020-11-17 18:40:40 INFO] Running AutoCompaction...
[2020-11-17 18:46:40 INFO] Running AutoCompaction...
[2020-11-17 18:52:42 INFO] Running AutoCompaction...
[2020-11-17 18:58:42 INFO] Running AutoCompaction...
[2020-11-17 19:04:42 INFO] Running AutoCompaction...
[2020-11-17 19:10:42 INFO] Running AutoCompaction...
[2020-11-17 19:16:44 INFO] Running AutoCompaction...
[2020-11-17 19:22:44 INFO] Running AutoCompaction...
[2020-11-17 19:28:44 INFO] Running AutoCompaction...
[2020-11-17 19:34:44 INFO] Running AutoCompaction...
[2020-11-17 19:40:46 INFO] Running AutoCompaction...
[2020-11-17 19:46:46 INFO] Running AutoCompaction...
[2020-11-17 19:52:46 INFO] Running AutoCompaction...
[2020-11-17 19:58:46 INFO] Running AutoCompaction...
[2020-11-17 20:04:49 INFO] Running AutoCompaction...
[2020-11-17 20:10:49 INFO] Running AutoCompaction...
[2020-11-17 20:16:49 INFO] Running AutoCompaction...
[2020-11-17 20:22:49 INFO] Running AutoCompaction...
[2020-11-17 20:28:51 INFO] Running AutoCompaction...
[2020-11-17 20:34:51 INFO] Running AutoCompaction...
[2020-11-17 20:40:51 INFO] Running AutoCompaction...
[2020-11-17 20:46:51 INFO] Running AutoCompaction...
[2020-11-17 20:52:53 INFO] Running AutoCompaction...
[2020-11-17 20:58:53 INFO] Running AutoCompaction...
[2020-11-17 21:04:53 INFO] Running AutoCompaction...
[2020-11-17 21:10:53 INFO] Running AutoCompaction...
[2020-11-17 21:16:55 INFO] Running AutoCompaction...
[2020-11-17 21:22:55 INFO] Running AutoCompaction...
[2020-11-17 21:28:55 INFO] Running AutoCompaction...
[2020-11-17 21:34:55 INFO] Running AutoCompaction...
[2020-11-17 21:40:57 INFO] Running AutoCompaction...
[2020-11-17 21:46:57 INFO] Running AutoCompaction...
[2020-11-17 21:52:57 INFO] Running AutoCompaction...
[2020-11-17 21:58:57 INFO] Running AutoCompaction...
[2020-11-17 22:04:59 INFO] Running AutoCompaction...
[2020-11-17 22:10:59 INFO] Running AutoCompaction...
[2020-11-17 22:16:59 INFO] Running AutoCompaction...
[2020-11-17 22:22:59 INFO] Running AutoCompaction...
[2020-11-17 22:29:01 INFO] Running AutoCompaction...
[2020-11-17 22:35:01 INFO] Running AutoCompaction...
[2020-11-17 22:41:01 INFO] Running AutoCompaction...
[2020-11-17 22:47:01 INFO] Running AutoCompaction...
[2020-11-17 22:53:03 INFO] Running AutoCompaction...
[2020-11-17 22:59:03 INFO] Running AutoCompaction...
[2020-11-17 23:05:03 INFO] Running AutoCompaction...
[2020-11-17 23:11:03 INFO] Running AutoCompaction...
[2020-11-17 23:17:05 INFO] Running AutoCompaction...
[2020-11-17 23:23:05 INFO] Running AutoCompaction...
[2020-11-17 23:29:05 INFO] Running AutoCompaction...
[2020-11-17 23:35:05 INFO] Running AutoCompaction...
[2020-11-17 23:41:07 INFO] Running AutoCompaction...
[2020-11-17 23:47:07 INFO] Running AutoCompaction...
[2020-11-17 23:53:07 INFO] Running AutoCompaction...
[2020-11-17 23:59:07 INFO] Running AutoCompaction...
[2020-11-18 00:05:09 INFO] Running AutoCompaction...
[2020-11-18 00:11:09 INFO] Running AutoCompaction...
[2020-11-18 00:17:09 INFO] Running AutoCompaction...
[2020-11-18 00:23:09 INFO] Running AutoCompaction...
[2020-11-18 00:29:11 INFO] Running AutoCompaction...
[2020-11-18 00:35:11 INFO] Running AutoCompaction...
[2020-11-18 00:41:11 INFO] Running AutoCompaction...
[2020-11-18 00:47:11 INFO] Running AutoCompaction...
[2020-11-18 00:53:13 INFO] Running AutoCompaction...
[2020-11-18 00:59:13 INFO] Running AutoCompaction...
[2020-11-18 01:05:13 INFO] Running AutoCompaction...
[2020-11-18 01:11:13 INFO] Running AutoCompaction...
[2020-11-18 01:17:15 INFO] Running AutoCompaction...
[2020-11-18 01:23:15 INFO] Running AutoCompaction...
[2020-11-18 01:29:15 INFO] Running AutoCompaction...
[2020-11-18 01:35:15 INFO] Running AutoCompaction...
[2020-11-18 01:41:17 INFO] Running AutoCompaction...
[2020-11-18 01:47:17 INFO] Running AutoCompaction...
[2020-11-18 01:53:17 INFO] Running AutoCompaction...
[2020-11-18 01:59:17 INFO] Running AutoCompaction...
[2020-11-18 02:05:19 INFO] Running AutoCompaction...
say Stopping server (stop.sh called)...
stop
[2020-11-18 02:09:52 INFO] Server stop requested.
[2020-11-18 02:09:52 INFO] Stopping server...
Quit correctly
