NO LOG FILE! - setting up server logging...
[2020-12-04 20:01:00 INFO] Starting Server
[2020-12-04 20:01:00 INFO] Version 1.16.101.1
[2020-12-04 20:01:00 INFO] Session ID 8199a124-a750-4bf2-bd63-0478e27da254
[2020-12-04 20:01:00 INFO] Level Name: level
[2020-12-04 20:01:00 INFO] Game mode: 0 Survival
[2020-12-04 20:01:00 INFO] Difficulty: 3 HARD
[INFO] opening worlds/level/db
[INFO] IPv4 supported, port: 19132
[INFO] IPv6 supported, port: 19133
[INFO] IPv4 supported, port: 43600
[INFO] IPv6 supported, port: 47621
[INFO] Server started.
[INFO] Running AutoCompaction...
[INFO] Running AutoCompaction...
[INFO] Running AutoCompaction...
[INFO] Running AutoCompaction...
say Stopping server (stop.sh called)...
stop
[INFO] Server stop requested.
[INFO] Stopping server...
Quit correctly
