NO LOG FILE! - setting up server logging...
[2020-11-26 20:00:59 INFO] Starting Server
[2020-11-26 20:00:59 INFO] Version 1.16.101.1
[2020-11-26 20:00:59 INFO] Session ID 079f2acf-32f3-439b-96af-d0992f54e2e3
[2020-11-26 20:00:59 INFO] Level Name: level
[2020-11-26 20:00:59 INFO] Game mode: 0 Survival
[2020-11-26 20:00:59 INFO] Difficulty: 3 HARD
[INFO] opening worlds/level/db
[INFO] IPv4 supported, port: 19132
[INFO] IPv6 supported, port: 19133
[INFO] IPv4 supported, port: 36141
[INFO] IPv6 supported, port: 58691
[INFO] Server started.
[INFO] Running AutoCompaction...
[INFO] Running AutoCompaction...
[INFO] Running AutoCompaction...
[INFO] Running AutoCompaction...
say Stopping server (stop.sh called)...
stop
[INFO] Server stop requested.
[INFO] Stopping server...
Quit correctly
