NO LOG FILE! - setting up server logging...
[2020-12-16 20:00:58 INFO] Starting Server
[2020-12-16 20:00:58 INFO] Version 1.16.201.2
[2020-12-16 20:00:58 INFO] Session ID fc7e068b-693f-4ba0-a527-d2292d608496
[2020-12-16 20:00:58 INFO] Level Name: level
[2020-12-16 20:00:58 INFO] Game mode: 0 Survival
[2020-12-16 20:00:58 INFO] Difficulty: 3 HARD
[INFO] opening worlds/level/db
[INFO] IPv4 supported, port: 19132
[INFO] IPv6 supported, port: 19133
[INFO] IPv4 supported, port: 41812
[INFO] IPv6 supported, port: 34987
[INFO] Server started.
[INFO] Running AutoCompaction...
[INFO] Running AutoCompaction...
[INFO] Running AutoCompaction...
[INFO] Running AutoCompaction...
say Stopping server (stop.sh called)...
stop
[INFO] Server stop requested.
[INFO] Stopping server...
Quit correctly
