/bin/bash: warning: setlocale: LC_ALL: cannot change locale (en_US.UTF-8)
NO LOG FILE! - setting up server logging...
[2020-11-12 07:06:58 INFO] Starting Server
[2020-11-12 07:06:58 INFO] Version 1.16.40.2
[2020-11-12 07:06:58 INFO] Session ID 38feb6ca-6172-4366-a31c-060ec5ab5053
[2020-11-12 07:06:58 INFO] Level Name: level
[2020-11-12 07:06:58 INFO] Game mode: 0 Survival
[2020-11-12 07:06:58 INFO] Difficulty: 3 HARD
[2020-11-12 07:06:58 INFO] opening worlds/level/db
[2020-11-12 07:07:04 INFO] IPv4 supported, port: 19132
[2020-11-12 07:07:04 INFO] IPv6 supported, port: 19133
[2020-11-12 07:07:04 INFO] IPv4 supported, port: 39516
[2020-11-12 07:07:04 INFO] IPv6 supported, port: 52253
[2020-11-12 07:07:06 INFO] Server started.
[2020-11-12 07:07:13 INFO] Player connected: eric29696261, xuid: 2535446130721457
[2020-11-12 07:07:17 INFO] Player connected: SongSoSa0406, xuid: 2535468076989485
[2020-11-12 07:07:20 INFO] Player connected: Qpumpkin0429, xuid: 2535421828952941
[2020-11-12 07:08:51 INFO] Player disconnected: eric29696261, xuid: 2535446130721457
[2020-11-12 07:09:11 INFO] Player connected: eric29696261, xuid: 2535446130721457
[2020-11-12 07:13:26 INFO] Running AutoCompaction...
[2020-11-12 07:16:38 INFO] Player disconnected: Qpumpkin0429, xuid: 2535421828952941
[2020-11-12 07:17:55 INFO] Player connected: Jskr6000, xuid: 2535461598420002
[2020-11-12 07:19:34 INFO] Running AutoCompaction...
[2020-11-12 07:20:29 INFO] Player disconnected: Jskr6000, xuid: 2535461598420002
[2020-11-12 07:30:20 INFO] Running AutoCompaction...
[2020-11-12 07:40:08 INFO] Running AutoCompaction...
[2020-11-12 07:45:20 INFO] Player disconnected: eric29696261, xuid: 2535446130721457
[2020-11-12 07:47:22 INFO] Player disconnected: SongSoSa0406, xuid: 2535468076989485
[2020-11-12 07:49:05 INFO] Running AutoCompaction...
[2020-11-12 07:51:37 INFO] Player connected: Qpumpkin0429, xuid: 2535421828952941
[2020-11-12 08:00:25 INFO] Running AutoCompaction...
[2020-11-12 08:06:18 INFO] Player connected: Yuuuu327, xuid: 2535447982356384
[2020-11-12 08:12:11 INFO] Running AutoCompaction...
[2020-11-12 08:16:02 INFO] Player disconnected: Yuuuu327, xuid: 2535447982356384
[2020-11-12 08:22:16 INFO] Running AutoCompaction...
[2020-11-12 08:28:00 INFO] Player disconnected: Qpumpkin0429, xuid: 2535421828952941
[2020-11-12 08:28:16 INFO] Running AutoCompaction...
[2020-11-12 08:28:17 INFO] Player connected: Qpumpkin0429, xuid: 2535421828952941
[2020-11-12 08:30:56 INFO] Player connected: Yuuuu327, xuid: 2535447982356384
[2020-11-12 08:31:52 INFO] Player disconnected: Yuuuu327, xuid: 2535447982356384
[2020-11-12 08:32:09 INFO] Player connected: Yuuuu327, xuid: 2535447982356384
[2020-11-12 08:35:34 INFO] Running AutoCompaction...
[2020-11-12 08:45:32 INFO] Running AutoCompaction...
[2020-11-12 08:52:05 INFO] Running AutoCompaction...
[2020-11-12 08:55:52 INFO] Player disconnected: Qpumpkin0429, xuid: 2535421828952941
[2020-11-12 08:58:05 INFO] Running AutoCompaction...
[2020-11-12 09:00:40 INFO] Player disconnected: Yuuuu327, xuid: 2535447982356384
[2020-11-12 09:04:05 INFO] Running AutoCompaction...
[2020-11-12 09:08:13 INFO] Player connected: eric29696261, xuid: 2535446130721457
[2020-11-12 09:16:01 INFO] Running AutoCompaction...
[2020-11-12 09:25:52 INFO] Player disconnected: eric29696261, xuid: 2535446130721457
[2020-11-12 09:26:13 INFO] Running AutoCompaction...
[2020-11-12 09:32:14 INFO] Running AutoCompaction...
[2020-11-12 09:38:14 INFO] Running AutoCompaction...
[2020-11-12 09:38:55 INFO] Player connected: eric29696261, xuid: 2535446130721457
[2020-11-12 09:47:37 INFO] Running AutoCompaction...
[2020-11-12 09:50:55 INFO] Player disconnected: eric29696261, xuid: 2535446130721457
[2020-11-12 09:53:38 INFO] Running AutoCompaction...
[2020-11-12 09:56:45 INFO] Player connected: eric29696261, xuid: 2535446130721457
[2020-11-12 10:04:14 INFO] Player disconnected: eric29696261, xuid: 2535446130721457
[2020-11-12 10:05:08 INFO] Running AutoCompaction...
[2020-11-12 10:11:08 INFO] Running AutoCompaction...
[2020-11-12 10:11:32 INFO] Player connected: Qpumpkin0429, xuid: 2535421828952941
[2020-11-12 10:12:04 INFO] Player disconnected: Qpumpkin0429, xuid: 2535421828952941
[2020-11-12 10:17:08 INFO] Running AutoCompaction...
[2020-11-12 10:23:08 INFO] Running AutoCompaction...
[2020-11-12 10:29:11 INFO] Running AutoCompaction...
[2020-11-12 10:35:11 INFO] Running AutoCompaction...
[2020-11-12 10:35:33 INFO] Player connected: eric29696261, xuid: 2535446130721457
[2020-11-12 10:39:51 INFO] Player disconnected: eric29696261, xuid: 2535446130721457
[2020-11-12 10:41:11 INFO] Running AutoCompaction...
[2020-11-12 10:47:12 INFO] Running AutoCompaction...
[2020-11-12 10:53:15 INFO] Running AutoCompaction...
[2020-11-12 10:59:15 INFO] Running AutoCompaction...
[2020-11-12 11:05:15 INFO] Running AutoCompaction...
[2020-11-12 11:11:15 INFO] Running AutoCompaction...
[2020-11-12 11:17:17 INFO] Running AutoCompaction...
[2020-11-12 11:23:17 INFO] Running AutoCompaction...
[2020-11-12 11:29:17 INFO] Running AutoCompaction...
[2020-11-12 11:35:17 INFO] Running AutoCompaction...
[2020-11-12 11:41:19 INFO] Running AutoCompaction...
[2020-11-12 11:47:19 INFO] Running AutoCompaction...
[2020-11-12 11:53:19 INFO] Running AutoCompaction...
[2020-11-12 11:59:19 INFO] Running AutoCompaction...
[2020-11-12 12:05:21 INFO] Running AutoCompaction...
[2020-11-12 12:11:21 INFO] Running AutoCompaction...
[2020-11-12 12:17:21 INFO] Running AutoCompaction...
[2020-11-12 12:23:21 INFO] Running AutoCompaction...
[2020-11-12 12:29:23 INFO] Running AutoCompaction...
[2020-11-12 12:35:23 INFO] Running AutoCompaction...
[2020-11-12 12:41:23 INFO] Running AutoCompaction...
[2020-11-12 12:47:23 INFO] Running AutoCompaction...
[2020-11-12 12:53:24 INFO] Running AutoCompaction...
[2020-11-12 12:59:24 INFO] Running AutoCompaction...
[2020-11-12 13:05:24 INFO] Running AutoCompaction...
[2020-11-12 13:11:24 INFO] Running AutoCompaction...
[2020-11-12 13:17:26 INFO] Running AutoCompaction...
[2020-11-12 13:23:26 INFO] Running AutoCompaction...
[2020-11-12 13:29:26 INFO] Running AutoCompaction...
[2020-11-12 13:35:26 INFO] Running AutoCompaction...
[2020-11-12 13:41:28 INFO] Running AutoCompaction...
[2020-11-12 13:47:28 INFO] Running AutoCompaction...
[2020-11-12 13:53:28 INFO] Running AutoCompaction...
[2020-11-12 13:59:28 INFO] Running AutoCompaction...
[2020-11-12 14:05:30 INFO] Running AutoCompaction...
[2020-11-12 14:11:30 INFO] Running AutoCompaction...
[2020-11-12 14:17:30 INFO] Running AutoCompaction...
[2020-11-12 14:23:30 INFO] Running AutoCompaction...
[2020-11-12 14:29:32 INFO] Running AutoCompaction...
[2020-11-12 14:35:32 INFO] Running AutoCompaction...
[2020-11-12 14:38:09 INFO] Player connected: Qpumpkin0429, xuid: 2535421828952941
[2020-11-12 14:41:32 INFO] Running AutoCompaction...
[2020-11-12 14:43:49 INFO] Player disconnected: Qpumpkin0429, xuid: 2535421828952941
[2020-11-12 14:44:08 INFO] Player connected: Qpumpkin0429, xuid: 2535421828952941
[2020-11-12 14:49:25 INFO] Player disconnected: Qpumpkin0429, xuid: 2535421828952941
[2020-11-12 14:52:45 INFO] Running AutoCompaction...
[2020-11-12 14:58:45 INFO] Running AutoCompaction...
[2020-11-12 15:01:28 INFO] Player connected: Qpumpkin0429, xuid: 2535421828952941
[2020-11-12 15:04:45 INFO] Running AutoCompaction...
[2020-11-12 15:16:03 INFO] Running AutoCompaction...
[2020-11-12 15:22:04 INFO] Running AutoCompaction...
[2020-11-12 15:28:04 INFO] Running AutoCompaction...
[2020-11-12 15:39:24 INFO] Running AutoCompaction...
[2020-11-12 15:44:30 INFO] Player connected: Yuuuu327, xuid: 2535447982356384
[2020-11-12 15:49:57 INFO] Player disconnected: Qpumpkin0429, xuid: 2535421828952941
[2020-11-12 15:51:13 INFO] Player connected: Qpumpkin0429, xuid: 2535421828952941
[2020-11-12 15:51:22 INFO] Running AutoCompaction...
[2020-11-12 15:58:56 INFO] Running AutoCompaction...
[2020-11-12 16:05:47 INFO] Player disconnected: Yuuuu327, xuid: 2535447982356384
[2020-11-12 16:09:21 INFO] Running AutoCompaction...
[2020-11-12 16:15:10 INFO] Player disconnected: Qpumpkin0429, xuid: 2535421828952941
[2020-11-12 16:15:21 INFO] Running AutoCompaction...
[2020-11-12 16:15:57 INFO] Player connected: Qpumpkin0429, xuid: 2535421828952941
[2020-11-12 16:24:01 INFO] Running AutoCompaction...
[2020-11-12 16:35:17 INFO] Running AutoCompaction...
[2020-11-12 16:41:45 INFO] Player disconnected: Qpumpkin0429, xuid: 2535421828952941
[2020-11-12 16:46:29 INFO] Running AutoCompaction...
[2020-11-12 16:52:29 INFO] Running AutoCompaction...
[2020-11-12 16:58:29 INFO] Running AutoCompaction...
[2020-11-12 17:04:29 INFO] Running AutoCompaction...
[2020-11-12 17:10:32 INFO] Running AutoCompaction...
[2020-11-12 17:16:32 INFO] Running AutoCompaction...
[2020-11-12 17:22:32 INFO] Running AutoCompaction...
[2020-11-12 17:28:32 INFO] Running AutoCompaction...
[2020-11-12 17:34:34 INFO] Running AutoCompaction...
[2020-11-12 17:40:34 INFO] Running AutoCompaction...
[2020-11-12 17:41:57 INFO] Player connected: Qpumpkin0429, xuid: 2535421828952941
[2020-11-12 17:46:34 INFO] Running AutoCompaction...
[2020-11-12 17:52:35 INFO] Running AutoCompaction...
[2020-11-12 17:58:39 INFO] Running AutoCompaction...
[2020-11-12 18:04:39 INFO] Running AutoCompaction...
[2020-11-12 18:10:40 INFO] Running AutoCompaction...
[2020-11-12 18:16:40 INFO] Running AutoCompaction...
[2020-11-12 18:22:33 INFO] Player disconnected: Qpumpkin0429, xuid: 2535421828952941
[2020-11-12 18:22:43 INFO] Running AutoCompaction...
[2020-11-12 18:24:29 INFO] Player connected: Qpumpkin0429, xuid: 2535421828952941
[2020-11-12 18:27:30 INFO] Player disconnected: Qpumpkin0429, xuid: 2535421828952941
[2020-11-12 18:29:59 INFO] Player connected: Qpumpkin0429, xuid: 2535421828952941
[2020-11-12 18:30:23 INFO] Player disconnected: Qpumpkin0429, xuid: 2535421828952941
[2020-11-12 18:30:28 INFO] Player connected: Qpumpkin0429, xuid: 2535421828952941
[2020-11-12 18:30:42 INFO] Player disconnected: Qpumpkin0429, xuid: 2535421828952941
[2020-11-12 18:30:47 INFO] Player connected: Qpumpkin0429, xuid: 2535421828952941
[2020-11-12 18:30:57 INFO] Player disconnected: Qpumpkin0429, xuid: 2535421828952941
[2020-11-12 18:31:27 INFO] Player connected: Qpumpkin0429, xuid: 2535421828952941
[2020-11-12 18:31:38 INFO] Player disconnected: Qpumpkin0429, xuid: 2535421828952941
[2020-11-12 18:31:44 INFO] Player connected: Qpumpkin0429, xuid: 2535421828952941
[2020-11-12 18:32:08 INFO] Running AutoCompaction...
[2020-11-12 18:43:01 INFO] Running AutoCompaction...
[2020-11-12 18:52:37 INFO] Running AutoCompaction...
[2020-11-12 18:58:37 INFO] Running AutoCompaction...
[2020-11-12 19:04:37 INFO] Running AutoCompaction...
[2020-11-12 19:14:44 INFO] Running AutoCompaction...
[2020-11-12 19:20:44 INFO] Running AutoCompaction...
[2020-11-12 19:31:59 INFO] Running AutoCompaction...
[2020-11-12 19:37:59 INFO] Running AutoCompaction...
[2020-11-12 19:41:27 INFO] Player disconnected: Qpumpkin0429, xuid: 2535421828952941
[2020-11-12 19:44:00 INFO] Running AutoCompaction...
[2020-11-12 19:50:00 INFO] Running AutoCompaction...
[2020-11-12 19:56:03 INFO] Running AutoCompaction...
[2020-11-12 20:02:03 INFO] Running AutoCompaction...
[2020-11-12 20:08:03 INFO] Running AutoCompaction...
[2020-11-12 20:14:03 INFO] Running AutoCompaction...
[2020-11-12 20:20:05 INFO] Running AutoCompaction...
[2020-11-12 20:26:05 INFO] Running AutoCompaction...
[2020-11-12 20:32:05 INFO] Running AutoCompaction...
[2020-11-12 20:38:05 INFO] Running AutoCompaction...
[2020-11-12 20:44:07 INFO] Running AutoCompaction...
[2020-11-12 20:50:07 INFO] Running AutoCompaction...
[2020-11-12 20:56:07 INFO] Running AutoCompaction...
[2020-11-12 21:02:07 INFO] Running AutoCompaction...
[2020-11-12 21:08:09 INFO] Running AutoCompaction...
[2020-11-12 21:14:09 INFO] Running AutoCompaction...
[2020-11-12 21:20:09 INFO] Running AutoCompaction...
[2020-11-12 21:26:09 INFO] Running AutoCompaction...
[2020-11-12 21:32:10 INFO] Running AutoCompaction...
[2020-11-12 21:38:10 INFO] Running AutoCompaction...
[2020-11-12 21:44:10 INFO] Running AutoCompaction...
[2020-11-12 21:50:10 INFO] Running AutoCompaction...
[2020-11-12 21:56:12 INFO] Running AutoCompaction...
[2020-11-12 22:02:12 INFO] Running AutoCompaction...
[2020-11-12 22:08:12 INFO] Running AutoCompaction...
[2020-11-12 22:14:12 INFO] Running AutoCompaction...
[2020-11-12 22:20:14 INFO] Running AutoCompaction...
[2020-11-12 22:26:14 INFO] Running AutoCompaction...
[2020-11-12 22:32:14 INFO] Running AutoCompaction...
[2020-11-12 22:38:14 INFO] Running AutoCompaction...
[2020-11-12 22:44:16 INFO] Running AutoCompaction...
[2020-11-12 22:50:16 INFO] Running AutoCompaction...
[2020-11-12 22:56:16 INFO] Running AutoCompaction...
[2020-11-12 23:02:16 INFO] Running AutoCompaction...
[2020-11-12 23:08:17 INFO] Running AutoCompaction...
[2020-11-12 23:14:17 INFO] Running AutoCompaction...
[2020-11-12 23:20:17 INFO] Running AutoCompaction...
[2020-11-12 23:26:17 INFO] Running AutoCompaction...
[2020-11-12 23:32:19 INFO] Running AutoCompaction...
[2020-11-12 23:38:19 INFO] Running AutoCompaction...
[2020-11-12 23:38:30 INFO] Player connected: Qpumpkin0429, xuid: 2535421828952941
[2020-11-12 23:39:15 INFO] Player disconnected: Qpumpkin0429, xuid: 2535421828952941
[2020-11-12 23:44:19 INFO] Running AutoCompaction...
[2020-11-12 23:50:19 INFO] Running AutoCompaction...
[2020-11-12 23:56:23 INFO] Running AutoCompaction...
[2020-11-13 00:02:23 INFO] Running AutoCompaction...
[2020-11-13 00:08:23 INFO] Running AutoCompaction...
[2020-11-13 00:14:23 INFO] Running AutoCompaction...
[2020-11-13 00:20:24 INFO] Running AutoCompaction...
[2020-11-13 00:26:24 INFO] Running AutoCompaction...
[2020-11-13 00:32:24 INFO] Running AutoCompaction...
[2020-11-13 00:38:24 INFO] Running AutoCompaction...
[2020-11-13 00:44:26 INFO] Running AutoCompaction...
[2020-11-13 00:50:26 INFO] Running AutoCompaction...
[2020-11-13 00:56:26 INFO] Running AutoCompaction...
[2020-11-13 01:02:26 INFO] Running AutoCompaction...
[2020-11-13 01:08:28 INFO] Running AutoCompaction...
[2020-11-13 01:11:03 INFO] Player connected: Qpumpkin0429, xuid: 2535421828952941
[2020-11-13 01:14:28 INFO] Running AutoCompaction...
[2020-11-13 01:24:18 INFO] Running AutoCompaction...
[2020-11-13 01:25:20 INFO] Player disconnected: Qpumpkin0429, xuid: 2535421828952941
[2020-11-13 01:25:41 INFO] Player connected: Qpumpkin0429, xuid: 2535421828952941
[2020-11-13 01:33:35 INFO] Running AutoCompaction...
[2020-11-13 01:39:35 INFO] Running AutoCompaction...
[2020-11-13 01:49:35 INFO] Running AutoCompaction...
[2020-11-13 01:58:58 INFO] Running AutoCompaction...
[2020-11-13 01:59:54 INFO] Player disconnected: Qpumpkin0429, xuid: 2535421828952941
[2020-11-13 02:02:07 INFO] Player connected: Qpumpkin0429, xuid: 2535421828952941
[2020-11-13 02:09:45 INFO] Player disconnected: Qpumpkin0429, xuid: 2535421828952941
[2020-11-13 02:10:00 INFO] Running AutoCompaction...
[2020-11-13 02:16:00 INFO] Running AutoCompaction...
[2020-11-13 02:22:00 INFO] Running AutoCompaction...
[2020-11-13 02:28:00 INFO] Running AutoCompaction...
[2020-11-13 02:34:04 INFO] Running AutoCompaction...
[2020-11-13 02:40:04 INFO] Running AutoCompaction...
[2020-11-13 02:46:04 INFO] Running AutoCompaction...
[2020-11-13 02:49:25 INFO] Player connected: SongSoSa0406, xuid: 2535468076989485
[2020-11-13 02:52:04 INFO] Running AutoCompaction...
[2020-11-13 02:52:31 INFO] Player connected: Qpumpkin0429, xuid: 2535421828952941
[2020-11-13 02:58:08 INFO] Running AutoCompaction...
[2020-11-13 03:06:17 INFO] Player connected: eric29696261, xuid: 2535446130721457
[2020-11-13 03:06:51 INFO] Running AutoCompaction...
[2020-11-13 03:13:53 INFO] Player disconnected: SongSoSa0406, xuid: 2535468076989485
[2020-11-13 03:13:54 INFO] Player disconnected: Qpumpkin0429, xuid: 2535421828952941
[2020-11-13 03:13:58 INFO] Player disconnected: eric29696261, xuid: 2535446130721457
[2020-11-13 03:15:45 INFO] Running AutoCompaction...
[2020-11-13 03:21:46 INFO] Running AutoCompaction...
[2020-11-13 03:27:46 INFO] Running AutoCompaction...
[2020-11-13 03:33:46 INFO] Running AutoCompaction...
[2020-11-13 03:34:14 INFO] Player connected: Qpumpkin0429, xuid: 2535421828952941
[2020-11-13 03:34:29 INFO] Player disconnected: Qpumpkin0429, xuid: 2535421828952941
[2020-11-13 03:34:33 INFO] Player connected: Qpumpkin0429, xuid: 2535421828952941
[2020-11-13 03:38:03 INFO] Player disconnected: Qpumpkin0429, xuid: 2535421828952941
[2020-11-13 03:39:49 INFO] Running AutoCompaction...
[2020-11-13 03:45:49 INFO] Running AutoCompaction...
[2020-11-13 03:49:20 INFO] Player connected: Qpumpkin0429, xuid: 2535421828952941
[2020-11-13 03:51:49 INFO] Running AutoCompaction...
[2020-11-13 03:55:51 INFO] Player connected: SongSoSa0406, xuid: 2535468076989485
say Server is restarting in 30 seconds! 
[2020-11-13 04:00:07 INFO] Player disconnected: SongSoSa0406, xuid: 2535468076989485
[2020-11-13 04:00:13 INFO] Player disconnected: Qpumpkin0429, xuid: 2535421828952941
say Server is restarting in 7 seconds! 
say Server is restarting in 6 seconds! 
say Server is restarting in 5 seconds! 
say Server is restarting in 4 seconds! 
say Server is restarting in 3 seconds! 
say Server is restarting in 2 seconds! 
say Server is restarting in 1 second! 
say Closing server...
stop
[2020-11-13 04:00:31 INFO] Server stop requested.
[2020-11-13 04:00:31 INFO] Stopping server...
Quit correctly
