NO LOG FILE! - setting up server logging...
[2020-11-19 20:00:59 INFO] Starting Server
[2020-11-19 20:00:59 INFO] Version 1.16.100.4
[2020-11-19 20:00:59 INFO] Session ID d42fb892-8c9a-4528-95cf-c4fa36875b5d
[2020-11-19 20:00:59 INFO] Level Name: level
[2020-11-19 20:01:00 INFO] Game mode: 0 Survival
[2020-11-19 20:01:00 INFO] Difficulty: 3 HARD
[INFO] opening worlds/level/db
[INFO] IPv4 supported, port: 19132
[INFO] IPv6 supported, port: 19133
[INFO] IPv4 supported, port: 41593
[INFO] IPv6 supported, port: 43544
[INFO] Server started.
[INFO] Running AutoCompaction...
[INFO] Running AutoCompaction...
[INFO] Running AutoCompaction...
[INFO] Running AutoCompaction...
say Stopping server (stop.sh called)...
stop
[INFO] Server stop requested.
[INFO] Stopping server...
Quit correctly
