NO LOG FILE! - setting up server logging...
[2020-12-13 20:30:35 INFO] Starting Server
[2020-12-13 20:30:35 INFO] Version 1.16.200.2
[2020-12-13 20:30:35 INFO] Session ID 0a3b0a09-408c-488a-88aa-e8d2a499ba75
[2020-12-13 20:30:35 INFO] Level Name: level
[2020-12-13 20:30:35 INFO] Game mode: 0 Survival
[2020-12-13 20:30:35 INFO] Difficulty: 3 HARD
[INFO] opening worlds/level/db
[INFO] IPv4 supported, port: 19132
[INFO] IPv6 supported, port: 19133
[INFO] IPv4 supported, port: 36995
[INFO] IPv6 supported, port: 50462
[INFO] Server started.
say Server is restarting in 30 seconds! 
say Server is restarting in 7 seconds! 
say Server is restarting in 6 seconds! 
say Server is restarting in 5 seconds! 
say Server is restarting in 4 seconds! 
say Server is restarting in 3 seconds! 
say Server is restarting in 2 seconds! 
say Server is restarting in 1 second! 
say Closing server...
stop
[INFO] Server stop requested.
[INFO] Stopping server...
Quit correctly
