NO LOG FILE! - setting up server logging...
[2020-11-13 04:00:59 INFO] Starting Server
[2020-11-13 04:00:59 INFO] Version 1.16.40.2
[2020-11-13 04:00:59 INFO] Session ID b02badd6-dcfb-4e0e-a46e-ee6d0d538d4e
[2020-11-13 04:00:59 INFO] Level Name: level
[2020-11-13 04:01:00 INFO] Game mode: 0 Survival
[2020-11-13 04:01:00 INFO] Difficulty: 3 HARD
[2020-11-13 04:01:00 INFO] opening worlds/level/db
[2020-11-13 04:01:06 INFO] IPv4 supported, port: 19132
[2020-11-13 04:01:06 INFO] IPv6 supported, port: 19133
[2020-11-13 04:01:06 INFO] IPv4 supported, port: 44206
[2020-11-13 04:01:06 INFO] IPv6 supported, port: 47041
[2020-11-13 04:01:09 INFO] Server started.
[2020-11-13 04:01:20 INFO] Player connected: Qpumpkin0429, xuid: 2535421828952941
[2020-11-13 04:01:29 INFO] Player connected: SongSoSa0406, xuid: 2535468076989485
[2020-11-13 04:02:06 INFO] Player connected: Yuuuu327, xuid: 2535447982356384
[2020-11-13 04:06:37 INFO] Player disconnected: SongSoSa0406, xuid: 2535468076989485
[2020-11-13 04:06:44 INFO] Player disconnected: Yuuuu327, xuid: 2535447982356384
[2020-11-13 04:06:52 INFO] Player connected: Yuuuu327, xuid: 2535447982356384
[2020-11-13 04:06:53 INFO] Player disconnected: Qpumpkin0429, xuid: 2535421828952941
[2020-11-13 04:07:34 INFO] Running AutoCompaction...
[2020-11-13 04:07:37 INFO] Player connected: eric29696261, xuid: 2535446130721457
[2020-11-13 04:08:30 INFO] Player disconnected: Yuuuu327, xuid: 2535447982356384
[2020-11-13 04:10:52 INFO] Player disconnected: eric29696261, xuid: 2535446130721457
[2020-11-13 04:15:22 INFO] Running AutoCompaction...
[2020-11-13 04:17:03 INFO] Player connected: SongSoSa0406, xuid: 2535468076989485
[2020-11-13 04:23:02 INFO] Player connected: Qpumpkin0429, xuid: 2535421828952941
[2020-11-13 04:26:39 INFO] Running AutoCompaction...
[2020-11-13 04:27:51 INFO] Player connected: eric29696261, xuid: 2535446130721457
[2020-11-13 04:30:10 INFO] Player disconnected: eric29696261, xuid: 2535446130721457
[2020-11-13 04:35:37 INFO] Running AutoCompaction...
[2020-11-13 04:44:45 INFO] Running AutoCompaction...
[2020-11-13 04:55:41 INFO] Running AutoCompaction...
[2020-11-13 04:59:11 INFO] Player disconnected: Qpumpkin0429, xuid: 2535421828952941
[2020-11-13 04:59:34 INFO] Player connected: Qpumpkin0429, xuid: 2535421828952941
[2020-11-13 05:05:09 INFO] Running AutoCompaction...
[2020-11-13 05:09:54 INFO] Player disconnected: Qpumpkin0429, xuid: 2535421828952941
[2020-11-13 05:14:05 INFO] Player disconnected: SongSoSa0406, xuid: 2535468076989485
[2020-11-13 05:15:33 INFO] Running AutoCompaction...
[2020-11-13 05:16:43 INFO] Player connected: Qpumpkin0429, xuid: 2535421828952941
[2020-11-13 05:17:44 INFO] Player connected: eric29696261, xuid: 2535446130721457
[2020-11-13 05:25:07 INFO] Running AutoCompaction...
[2020-11-13 05:31:07 INFO] Running AutoCompaction...
[2020-11-13 05:41:23 INFO] Running AutoCompaction...
[2020-11-13 05:49:37 INFO] Running AutoCompaction...
[2020-11-13 05:56:52 INFO] Running AutoCompaction...
[2020-11-13 06:09:43 INFO] Running AutoCompaction...
[2020-11-13 06:19:43 INFO] Running AutoCompaction...
[2020-11-13 06:27:39 INFO] Player disconnected: eric29696261, xuid: 2535446130721457
[2020-11-13 06:29:58 INFO] Player disconnected: Qpumpkin0429, xuid: 2535421828952941
[2020-11-13 06:30:13 INFO] Running AutoCompaction...
[2020-11-13 06:36:13 INFO] Running AutoCompaction...
[2020-11-13 06:42:13 INFO] Running AutoCompaction...
[2020-11-13 06:48:13 INFO] Running AutoCompaction...
[2020-11-13 06:54:17 INFO] Running AutoCompaction...
[2020-11-13 07:00:17 INFO] Running AutoCompaction...
[2020-11-13 07:06:17 INFO] Running AutoCompaction...
[2020-11-13 07:12:17 INFO] Running AutoCompaction...
[2020-11-13 07:18:19 INFO] Running AutoCompaction...
[2020-11-13 07:18:47 INFO] Player connected: eric29696261, xuid: 2535446130721457
[2020-11-13 07:23:03 INFO] Player disconnected: eric29696261, xuid: 2535446130721457
[2020-11-13 07:24:19 INFO] Running AutoCompaction...
[2020-11-13 07:30:19 INFO] Running AutoCompaction...
[2020-11-13 07:36:19 INFO] Running AutoCompaction...
[2020-11-13 07:42:23 INFO] Running AutoCompaction...
[2020-11-13 07:48:23 INFO] Running AutoCompaction...
[2020-11-13 07:54:23 INFO] Running AutoCompaction...
[2020-11-13 08:00:23 INFO] Running AutoCompaction...
[2020-11-13 08:06:25 INFO] Running AutoCompaction...
[2020-11-13 08:07:27 INFO] Player connected: SongSoSa0406, xuid: 2535468076989485
[2020-11-13 08:12:25 INFO] Running AutoCompaction...
[2020-11-13 08:12:37 INFO] Player connected: Qpumpkin0429, xuid: 2535421828952941
[2020-11-13 08:20:40 INFO] Running AutoCompaction...
[2020-11-13 08:24:32 INFO] Player connected: Yuuuu327, xuid: 2535447982356384
[2020-11-13 08:29:21 INFO] Running AutoCompaction...
[2020-11-13 08:38:39 INFO] Running AutoCompaction...
[2020-11-13 08:47:16 INFO] Running AutoCompaction...
[2020-11-13 08:48:20 INFO] Player disconnected: Yuuuu327, xuid: 2535447982356384
[2020-11-13 08:51:40 INFO] Player disconnected: SongSoSa0406, xuid: 2535468076989485
[2020-11-13 08:55:59 INFO] Running AutoCompaction...
[2020-11-13 08:58:28 INFO] Player connected: eric29696261, xuid: 2535446130721457
[2020-11-13 09:01:01 INFO] Player disconnected: Qpumpkin0429, xuid: 2535421828952941
[2020-11-13 09:01:42 INFO] Player disconnected: eric29696261, xuid: 2535446130721457
[2020-11-13 09:05:10 INFO] Running AutoCompaction...
[2020-11-13 09:11:10 INFO] Running AutoCompaction...
[2020-11-13 09:15:52 INFO] Player connected: eric29696261, xuid: 2535446130721457
[2020-11-13 09:17:10 INFO] Running AutoCompaction...
[2020-11-13 09:17:46 INFO] Player disconnected: eric29696261, xuid: 2535446130721457
[2020-11-13 09:23:51 INFO] Running AutoCompaction...
[2020-11-13 09:29:51 INFO] Running AutoCompaction...
[2020-11-13 09:35:51 INFO] Running AutoCompaction...
[2020-11-13 09:41:29 INFO] Player connected: eric29696261, xuid: 2535446130721457
[2020-11-13 09:41:51 INFO] Running AutoCompaction...
[2020-11-13 09:43:23 INFO] Player disconnected: eric29696261, xuid: 2535446130721457
[2020-11-13 09:48:09 INFO] Running AutoCompaction...
[2020-11-13 09:54:09 INFO] Running AutoCompaction...
[2020-11-13 10:00:09 INFO] Running AutoCompaction...
[2020-11-13 10:06:09 INFO] Running AutoCompaction...
[2020-11-13 10:12:14 INFO] Running AutoCompaction...
[2020-11-13 10:18:14 INFO] Running AutoCompaction...
[2020-11-13 10:24:14 INFO] Running AutoCompaction...
[2020-11-13 10:30:14 INFO] Running AutoCompaction...
[2020-11-13 10:36:16 INFO] Running AutoCompaction...
[2020-11-13 10:42:16 INFO] Running AutoCompaction...
[2020-11-13 10:48:16 INFO] Running AutoCompaction...
[2020-11-13 10:54:16 INFO] Running AutoCompaction...
[2020-11-13 11:00:18 INFO] Running AutoCompaction...
[2020-11-13 11:06:18 INFO] Running AutoCompaction...
[2020-11-13 11:12:18 INFO] Running AutoCompaction...
[2020-11-13 11:18:18 INFO] Running AutoCompaction...
[2020-11-13 11:24:20 INFO] Running AutoCompaction...
[2020-11-13 11:30:20 INFO] Running AutoCompaction...
[2020-11-13 11:36:20 INFO] Running AutoCompaction...
[2020-11-13 11:42:20 INFO] Running AutoCompaction...
[2020-11-13 11:48:22 INFO] Running AutoCompaction...
[2020-11-13 11:54:22 INFO] Running AutoCompaction...
[2020-11-13 12:00:22 INFO] Running AutoCompaction...
[2020-11-13 12:02:20 INFO] Player connected: eric29696261, xuid: 2535446130721457
[2020-11-13 12:05:32 INFO] Player disconnected: eric29696261, xuid: 2535446130721457
[2020-11-13 12:06:22 INFO] Running AutoCompaction...
[2020-11-13 12:12:26 INFO] Running AutoCompaction...
[2020-11-13 12:18:26 INFO] Running AutoCompaction...
[2020-11-13 12:24:26 INFO] Running AutoCompaction...
[2020-11-13 12:30:26 INFO] Running AutoCompaction...
[2020-11-13 12:36:28 INFO] Running AutoCompaction...
[2020-11-13 12:42:28 INFO] Running AutoCompaction...
[2020-11-13 12:48:28 INFO] Running AutoCompaction...
[2020-11-13 12:54:28 INFO] Running AutoCompaction...
[2020-11-13 13:00:30 INFO] Running AutoCompaction...
[2020-11-13 13:06:30 INFO] Running AutoCompaction...
[2020-11-13 13:12:30 INFO] Running AutoCompaction...
[2020-11-13 13:18:30 INFO] Running AutoCompaction...
[2020-11-13 13:24:32 INFO] Running AutoCompaction...
[2020-11-13 13:30:32 INFO] Running AutoCompaction...
[2020-11-13 13:36:32 INFO] Running AutoCompaction...
[2020-11-13 13:42:32 INFO] Running AutoCompaction...
[2020-11-13 13:48:34 INFO] Running AutoCompaction...
[2020-11-13 13:54:34 INFO] Running AutoCompaction...
[2020-11-13 14:00:34 INFO] Running AutoCompaction...
[2020-11-13 14:06:34 INFO] Running AutoCompaction...
[2020-11-13 14:12:36 INFO] Running AutoCompaction...
[2020-11-13 14:18:36 INFO] Running AutoCompaction...
[2020-11-13 14:24:36 INFO] Running AutoCompaction...
[2020-11-13 14:30:36 INFO] Running AutoCompaction...
[2020-11-13 14:36:38 INFO] Running AutoCompaction...
[2020-11-13 14:42:38 INFO] Running AutoCompaction...
[2020-11-13 14:48:38 INFO] Running AutoCompaction...
[2020-11-13 14:54:38 INFO] Running AutoCompaction...
[2020-11-13 15:00:40 INFO] Running AutoCompaction...
[2020-11-13 15:03:55 INFO] Player connected: Yuuuu327, xuid: 2535447982356384
[2020-11-13 15:06:40 INFO] Running AutoCompaction...
[2020-11-13 15:16:35 INFO] Running AutoCompaction...
[2020-11-13 15:25:23 INFO] Running AutoCompaction...
[2020-11-13 15:29:57 INFO] Player disconnected: Yuuuu327, xuid: 2535447982356384
[2020-11-13 15:36:01 INFO] Running AutoCompaction...
[2020-11-13 15:41:10 INFO] Player connected: Qpumpkin0429, xuid: 2535421828952941
[2020-11-13 15:42:01 INFO] Running AutoCompaction...
[2020-11-13 15:49:36 INFO] Running AutoCompaction...
[2020-11-13 15:55:36 INFO] Running AutoCompaction...
[2020-11-13 16:06:09 INFO] Running AutoCompaction...
[2020-11-13 16:12:09 INFO] Running AutoCompaction...
[2020-11-13 16:23:27 INFO] Running AutoCompaction...
[2020-11-13 16:29:28 INFO] Running AutoCompaction...
[2020-11-13 16:35:28 INFO] Running AutoCompaction...
[2020-11-13 16:39:03 INFO] Player connected: eric29696261, xuid: 2535446130721457
[2020-11-13 16:45:15 INFO] Running AutoCompaction...
[2020-11-13 16:46:33 INFO] Player disconnected: Qpumpkin0429, xuid: 2535421828952941
[2020-11-13 16:46:34 INFO] Player disconnected: eric29696261, xuid: 2535446130721457
[2020-11-13 16:51:15 INFO] Running AutoCompaction...
[2020-11-13 16:57:15 INFO] Running AutoCompaction...
[2020-11-13 17:03:15 INFO] Running AutoCompaction...
[2020-11-13 17:09:19 INFO] Running AutoCompaction...
[2020-11-13 17:15:19 INFO] Running AutoCompaction...
[2020-11-13 17:21:19 INFO] Running AutoCompaction...
[2020-11-13 17:27:19 INFO] Running AutoCompaction...
[2020-11-13 17:33:21 INFO] Running AutoCompaction...
[2020-11-13 17:39:21 INFO] Running AutoCompaction...
[2020-11-13 17:45:22 INFO] Running AutoCompaction...
[2020-11-13 17:51:22 INFO] Running AutoCompaction...
[2020-11-13 17:57:24 INFO] Running AutoCompaction...
[2020-11-13 18:03:24 INFO] Running AutoCompaction...
[2020-11-13 18:09:24 INFO] Running AutoCompaction...
[2020-11-13 18:15:24 INFO] Running AutoCompaction...
[2020-11-13 18:21:26 INFO] Running AutoCompaction...
[2020-11-13 18:27:26 INFO] Running AutoCompaction...
[2020-11-13 18:33:26 INFO] Running AutoCompaction...
[2020-11-13 18:39:26 INFO] Running AutoCompaction...
[2020-11-13 18:45:28 INFO] Running AutoCompaction...
[2020-11-13 18:51:28 INFO] Running AutoCompaction...
[2020-11-13 18:57:28 INFO] Running AutoCompaction...
[2020-11-13 19:03:28 INFO] Running AutoCompaction...
[2020-11-13 19:09:30 INFO] Running AutoCompaction...
[2020-11-13 19:15:30 INFO] Running AutoCompaction...
[2020-11-13 19:21:30 INFO] Running AutoCompaction...
[2020-11-13 19:27:30 INFO] Running AutoCompaction...
[2020-11-13 19:33:32 INFO] Running AutoCompaction...
[2020-11-13 19:39:32 INFO] Running AutoCompaction...
[2020-11-13 19:45:32 INFO] Running AutoCompaction...
[2020-11-13 19:51:32 INFO] Running AutoCompaction...
[2020-11-13 19:57:34 INFO] Running AutoCompaction...
[2020-11-13 20:03:34 INFO] Running AutoCompaction...
[2020-11-13 20:09:34 INFO] Running AutoCompaction...
[2020-11-13 20:15:34 INFO] Running AutoCompaction...
[2020-11-13 20:21:36 INFO] Running AutoCompaction...
[2020-11-13 20:27:36 INFO] Running AutoCompaction...
[2020-11-13 20:33:36 INFO] Running AutoCompaction...
[2020-11-13 20:39:36 INFO] Running AutoCompaction...
[2020-11-13 20:45:38 INFO] Running AutoCompaction...
[2020-11-13 20:51:38 INFO] Running AutoCompaction...
[2020-11-13 20:57:38 INFO] Running AutoCompaction...
[2020-11-13 21:03:38 INFO] Running AutoCompaction...
[2020-11-13 21:09:40 INFO] Running AutoCompaction...
[2020-11-13 21:15:40 INFO] Running AutoCompaction...
[2020-11-13 21:21:40 INFO] Running AutoCompaction...
[2020-11-13 21:27:40 INFO] Running AutoCompaction...
[2020-11-13 21:33:42 INFO] Running AutoCompaction...
[2020-11-13 21:39:42 INFO] Running AutoCompaction...
[2020-11-13 21:45:42 INFO] Running AutoCompaction...
[2020-11-13 21:51:42 INFO] Running AutoCompaction...
[2020-11-13 21:57:44 INFO] Running AutoCompaction...
[2020-11-13 22:03:44 INFO] Running AutoCompaction...
[2020-11-13 22:09:44 INFO] Running AutoCompaction...
[2020-11-13 22:15:44 INFO] Running AutoCompaction...
[2020-11-13 22:21:46 INFO] Running AutoCompaction...
[2020-11-13 22:27:46 INFO] Running AutoCompaction...
[2020-11-13 22:33:46 INFO] Running AutoCompaction...
[2020-11-13 22:39:46 INFO] Running AutoCompaction...
[2020-11-13 22:45:48 INFO] Running AutoCompaction...
[2020-11-13 22:51:48 INFO] Running AutoCompaction...
[2020-11-13 22:57:48 INFO] Running AutoCompaction...
[2020-11-13 23:03:48 INFO] Running AutoCompaction...
[2020-11-13 23:09:50 INFO] Running AutoCompaction...
[2020-11-13 23:15:50 INFO] Running AutoCompaction...
[2020-11-13 23:21:50 INFO] Running AutoCompaction...
[2020-11-13 23:27:50 INFO] Running AutoCompaction...
[2020-11-13 23:33:52 INFO] Running AutoCompaction...
[2020-11-13 23:39:52 INFO] Running AutoCompaction...
[2020-11-13 23:45:52 INFO] Running AutoCompaction...
[2020-11-13 23:51:52 INFO] Running AutoCompaction...
[2020-11-13 23:57:54 INFO] Running AutoCompaction...
[2020-11-14 00:03:54 INFO] Running AutoCompaction...
[2020-11-14 00:09:54 INFO] Running AutoCompaction...
[2020-11-14 00:15:54 INFO] Running AutoCompaction...
[2020-11-14 00:21:56 INFO] Running AutoCompaction...
[2020-11-14 00:27:56 INFO] Running AutoCompaction...
[2020-11-14 00:33:56 INFO] Running AutoCompaction...
[2020-11-14 00:39:56 INFO] Running AutoCompaction...
[2020-11-14 00:45:58 INFO] Running AutoCompaction...
[2020-11-14 00:51:58 INFO] Running AutoCompaction...
[2020-11-14 00:57:58 INFO] Running AutoCompaction...
[2020-11-14 01:03:58 INFO] Running AutoCompaction...
[2020-11-14 01:10:00 INFO] Running AutoCompaction...
[2020-11-14 01:16:00 INFO] Running AutoCompaction...
[2020-11-14 01:22:00 INFO] Running AutoCompaction...
[2020-11-14 01:28:00 INFO] Running AutoCompaction...
[2020-11-14 01:34:02 INFO] Running AutoCompaction...
[2020-11-14 01:40:02 INFO] Running AutoCompaction...
[2020-11-14 01:46:02 INFO] Running AutoCompaction...
[2020-11-14 01:52:02 INFO] Running AutoCompaction...
[2020-11-14 01:58:04 INFO] Running AutoCompaction...
[2020-11-14 02:04:04 INFO] Running AutoCompaction...
[2020-11-14 02:10:04 INFO] Running AutoCompaction...
[2020-11-14 02:16:04 INFO] Running AutoCompaction...
[2020-11-14 02:22:06 INFO] Running AutoCompaction...
[2020-11-14 02:28:06 INFO] Running AutoCompaction...
[2020-11-14 02:34:06 INFO] Running AutoCompaction...
[2020-11-14 02:40:06 INFO] Running AutoCompaction...
[2020-11-14 02:46:08 INFO] Running AutoCompaction...
[2020-11-14 02:52:08 INFO] Running AutoCompaction...
[2020-11-14 02:58:08 INFO] Running AutoCompaction...
[2020-11-14 03:04:08 INFO] Running AutoCompaction...
[2020-11-14 03:10:10 INFO] Running AutoCompaction...
[2020-11-14 03:16:10 INFO] Running AutoCompaction...
[2020-11-14 03:22:10 INFO] Running AutoCompaction...
[2020-11-14 03:28:10 INFO] Running AutoCompaction...
[2020-11-14 03:34:12 INFO] Running AutoCompaction...
[2020-11-14 03:40:12 INFO] Running AutoCompaction...
[2020-11-14 03:46:12 INFO] Running AutoCompaction...
[2020-11-14 03:52:12 INFO] Running AutoCompaction...
[2020-11-14 03:58:14 INFO] Running AutoCompaction...
say Server is restarting in 30 seconds! 
say Server is restarting in 7 seconds! 
say Server is restarting in 6 seconds! 
say Server is restarting in 5 seconds! 
say Server is restarting in 4 seconds! 
say Server is restarting in 3 seconds! 
say Server is restarting in 2 seconds! 
say Server is restarting in 1 second! 
say Closing server...
stop
[2020-11-14 04:00:31 INFO] Server stop requested.
[2020-11-14 04:00:31 INFO] Stopping server...
Quit correctly
