NO LOG FILE! - setting up server logging...
[2020-11-26 20:30:36 INFO] Starting Server
[2020-11-26 20:30:36 INFO] Version 1.16.101.1
[2020-11-26 20:30:36 INFO] Session ID c34cf293-9cdb-46f7-83da-d0f26513a9fc
[2020-11-26 20:30:36 INFO] Level Name: level
[2020-11-26 20:30:36 INFO] Game mode: 0 Survival
[2020-11-26 20:30:36 INFO] Difficulty: 3 HARD
[INFO] opening worlds/level/db
[INFO] IPv4 supported, port: 19132
[INFO] IPv6 supported, port: 19133
[INFO] IPv4 supported, port: 47459
[INFO] IPv6 supported, port: 43342
[INFO] Server started.
[INFO] Player connected: eric29696261, xuid: 2535446130721457
[INFO] Player disconnected: eric29696261, xuid: 2535446130721457
say Server is restarting in 30 seconds! 
say Server is restarting in 7 seconds! 
say Server is restarting in 6 seconds! 
say Server is restarting in 5 seconds! 
say Server is restarting in 4 seconds! 
say Server is restarting in 3 seconds! 
say Server is restarting in 2 seconds! 
say Server is restarting in 1 second! 
say Closing server...
stop
[INFO] Server stop requested.
[INFO] Stopping server...
Quit correctly
