NO LOG FILE! - setting up server logging...
[2020-12-08 20:03:13 INFO] Starting Server
[2020-12-08 20:03:13 INFO] Version 1.16.200.2
[2020-12-08 20:03:13 INFO] Session ID c4ba7ae5-2c24-4c51-ac10-0ca246e8059f
[2020-12-08 20:03:13 INFO] Level Name: level
[2020-12-08 20:03:13 INFO] Game mode: 0 Survival
[2020-12-08 20:03:13 INFO] Difficulty: 3 HARD
[INFO] opening worlds/level/db
[INFO] IPv4 supported, port: 19132
[INFO] IPv6 supported, port: 19133
[INFO] IPv4 supported, port: 33000
[INFO] IPv6 supported, port: 40021
[INFO] Server started.
[INFO] Running AutoCompaction...
[INFO] Running AutoCompaction...
[INFO] Running AutoCompaction...
[INFO] Running AutoCompaction...
say Stopping server (stop.sh called)...
stop
[INFO] Server stop requested.
[INFO] Stopping server...
Quit correctly
