NO LOG FILE! - setting up server logging...
[2020-11-23 20:01:07 INFO] Starting Server
[2020-11-23 20:01:07 INFO] Version 1.16.101.1
[2020-11-23 20:01:07 INFO] Session ID 5ebf910e-6a59-4162-8ff7-18b73d90ead2
[2020-11-23 20:01:07 INFO] Level Name: level
[2020-11-23 20:01:07 INFO] Game mode: 0 Survival
[2020-11-23 20:01:07 INFO] Difficulty: 3 HARD
[INFO] opening worlds/level/db
[INFO] IPv4 supported, port: 19132
[INFO] IPv6 supported, port: 19133
[INFO] IPv4 supported, port: 33651
[INFO] IPv6 supported, port: 46807
[INFO] Server started.
[INFO] Running AutoCompaction...
[INFO] Running AutoCompaction...
[INFO] Running AutoCompaction...
[INFO] Running AutoCompaction...
say Stopping server (stop.sh called)...
stop
[INFO] Server stop requested.
[INFO] Stopping server...
Quit correctly
