NO LOG FILE! - setting up server logging...
[2020-11-15 04:00:55 INFO] Starting Server
[2020-11-15 04:00:55 INFO] Version 1.16.40.2
[2020-11-15 04:00:55 INFO] Session ID c3dfbe83-ce22-4507-85d6-e7a3d7cd46e4
[2020-11-15 04:00:55 INFO] Level Name: level
[2020-11-15 04:00:56 INFO] Game mode: 0 Survival
[2020-11-15 04:00:56 INFO] Difficulty: 3 HARD
[2020-11-15 04:00:56 INFO] opening worlds/level/db
[2020-11-15 04:01:02 INFO] IPv4 supported, port: 19132
[2020-11-15 04:01:02 INFO] IPv6 supported, port: 19133
[2020-11-15 04:01:02 INFO] IPv4 supported, port: 53601
[2020-11-15 04:01:02 INFO] IPv6 supported, port: 33811
[2020-11-15 04:01:04 INFO] Server started.
[2020-11-15 04:07:00 INFO] Running AutoCompaction...
[2020-11-15 04:13:00 INFO] Running AutoCompaction...
[2020-11-15 04:19:00 INFO] Running AutoCompaction...
[2020-11-15 04:25:00 INFO] Running AutoCompaction...
[2020-11-15 04:31:00 INFO] Running AutoCompaction...
[2020-11-15 04:37:00 INFO] Running AutoCompaction...
[2020-11-15 04:43:00 INFO] Running AutoCompaction...
[2020-11-15 04:49:00 INFO] Running AutoCompaction...
[2020-11-15 04:55:00 INFO] Running AutoCompaction...
[2020-11-15 05:01:00 INFO] Running AutoCompaction...
[2020-11-15 05:07:00 INFO] Running AutoCompaction...
[2020-11-15 05:13:00 INFO] Running AutoCompaction...
[2020-11-15 05:19:00 INFO] Running AutoCompaction...
[2020-11-15 05:25:00 INFO] Running AutoCompaction...
[2020-11-15 05:31:00 INFO] Running AutoCompaction...
[2020-11-15 05:37:00 INFO] Running AutoCompaction...
[2020-11-15 05:43:00 INFO] Running AutoCompaction...
[2020-11-15 05:49:00 INFO] Running AutoCompaction...
[2020-11-15 05:55:00 INFO] Running AutoCompaction...
[2020-11-15 06:01:00 INFO] Running AutoCompaction...
[2020-11-15 06:07:00 INFO] Running AutoCompaction...
[2020-11-15 06:13:00 INFO] Running AutoCompaction...
[2020-11-15 06:19:00 INFO] Running AutoCompaction...
[2020-11-15 06:25:00 INFO] Running AutoCompaction...
[2020-11-15 06:31:00 INFO] Running AutoCompaction...
[2020-11-15 06:37:00 INFO] Running AutoCompaction...
[2020-11-15 06:43:00 INFO] Running AutoCompaction...
[2020-11-15 06:49:00 INFO] Running AutoCompaction...
[2020-11-15 06:55:00 INFO] Running AutoCompaction...
[2020-11-15 07:01:00 INFO] Running AutoCompaction...
[2020-11-15 07:07:00 INFO] Running AutoCompaction...
[2020-11-15 07:13:00 INFO] Running AutoCompaction...
[2020-11-15 07:19:00 INFO] Running AutoCompaction...
[2020-11-15 07:25:00 INFO] Running AutoCompaction...
[2020-11-15 07:31:00 INFO] Running AutoCompaction...
[2020-11-15 07:37:00 INFO] Running AutoCompaction...
[2020-11-15 07:43:00 INFO] Running AutoCompaction...
[2020-11-15 07:49:00 INFO] Running AutoCompaction...
[2020-11-15 07:55:00 INFO] Running AutoCompaction...
[2020-11-15 08:01:00 INFO] Running AutoCompaction...
[2020-11-15 08:07:00 INFO] Running AutoCompaction...
[2020-11-15 08:13:00 INFO] Running AutoCompaction...
[2020-11-15 08:19:00 INFO] Running AutoCompaction...
[2020-11-15 08:25:00 INFO] Running AutoCompaction...
[2020-11-15 08:31:00 INFO] Running AutoCompaction...
[2020-11-15 08:37:00 INFO] Running AutoCompaction...
[2020-11-15 08:43:00 INFO] Running AutoCompaction...
[2020-11-15 08:49:00 INFO] Running AutoCompaction...
[2020-11-15 08:55:00 INFO] Running AutoCompaction...
[2020-11-15 09:01:00 INFO] Running AutoCompaction...
[2020-11-15 09:07:00 INFO] Running AutoCompaction...
[2020-11-15 09:13:00 INFO] Running AutoCompaction...
[2020-11-15 09:19:00 INFO] Running AutoCompaction...
[2020-11-15 09:25:00 INFO] Running AutoCompaction...
[2020-11-15 09:31:00 INFO] Running AutoCompaction...
[2020-11-15 09:37:00 INFO] Running AutoCompaction...
[2020-11-15 09:38:20 INFO] Player connected: Qpumpkin0429, xuid: 2535421828952941
[2020-11-15 09:38:39 INFO] Player disconnected: Qpumpkin0429, xuid: 2535421828952941
[2020-11-15 09:38:46 INFO] Player connected: Qpumpkin0429, xuid: 2535421828952941
[2020-11-15 09:42:06 INFO] Player disconnected: Qpumpkin0429, xuid: 2535421828952941
[2020-11-15 09:42:35 INFO] Player connected: Qpumpkin0429, xuid: 2535421828952941
[2020-11-15 09:43:00 INFO] Running AutoCompaction...
[2020-11-15 09:50:53 INFO] Running AutoCompaction...
[2020-11-15 09:51:34 INFO] Player disconnected: Qpumpkin0429, xuid: 2535421828952941
[2020-11-15 09:56:53 INFO] Running AutoCompaction...
[2020-11-15 10:02:54 INFO] Running AutoCompaction...
[2020-11-15 10:08:54 INFO] Running AutoCompaction...
[2020-11-15 10:14:58 INFO] Running AutoCompaction...
[2020-11-15 10:15:09 INFO] Player connected: eric29696261, xuid: 2535446130721457
[2020-11-15 10:15:50 INFO] Player disconnected: eric29696261, xuid: 2535446130721457
[2020-11-15 10:20:58 INFO] Running AutoCompaction...
[2020-11-15 10:23:37 INFO] Player connected: eric29696261, xuid: 2535446130721457
[2020-11-15 10:24:14 INFO] Player disconnected: eric29696261, xuid: 2535446130721457
[2020-11-15 10:26:58 INFO] Running AutoCompaction...
[2020-11-15 10:32:58 INFO] Running AutoCompaction...
[2020-11-15 10:39:02 INFO] Running AutoCompaction...
[2020-11-15 10:45:02 INFO] Running AutoCompaction...
[2020-11-15 10:51:02 INFO] Running AutoCompaction...
[2020-11-15 10:57:02 INFO] Running AutoCompaction...
[2020-11-15 11:03:04 INFO] Running AutoCompaction...
[2020-11-15 11:09:04 INFO] Running AutoCompaction...
[2020-11-15 11:15:04 INFO] Running AutoCompaction...
[2020-11-15 11:21:04 INFO] Running AutoCompaction...
[2020-11-15 11:27:06 INFO] Running AutoCompaction...
[2020-11-15 11:33:06 INFO] Running AutoCompaction...
[2020-11-15 11:39:06 INFO] Running AutoCompaction...
[2020-11-15 11:45:06 INFO] Running AutoCompaction...
[2020-11-15 11:51:08 INFO] Running AutoCompaction...
[2020-11-15 11:57:08 INFO] Running AutoCompaction...
[2020-11-15 12:03:08 INFO] Running AutoCompaction...
[2020-11-15 12:09:08 INFO] Running AutoCompaction...
[2020-11-15 12:15:10 INFO] Running AutoCompaction...
[2020-11-15 12:21:10 INFO] Running AutoCompaction...
[2020-11-15 12:27:10 INFO] Running AutoCompaction...
[2020-11-15 12:27:59 INFO] Player connected: eric29696261, xuid: 2535446130721457
[2020-11-15 12:28:38 INFO] Player disconnected: eric29696261, xuid: 2535446130721457
[2020-11-15 12:29:43 INFO] Player connected: eric29696261, xuid: 2535446130721457
[2020-11-15 12:33:10 INFO] Running AutoCompaction...
[2020-11-15 12:39:14 INFO] Running AutoCompaction...
[2020-11-15 12:46:01 INFO] Player disconnected: eric29696261, xuid: 2535446130721457
[2020-11-15 12:50:04 INFO] Running AutoCompaction...
[2020-11-15 12:56:04 INFO] Running AutoCompaction...
[2020-11-15 13:02:04 INFO] Running AutoCompaction...
[2020-11-15 13:08:04 INFO] Running AutoCompaction...
[2020-11-15 13:14:07 INFO] Running AutoCompaction...
[2020-11-15 13:20:07 INFO] Running AutoCompaction...
[2020-11-15 13:26:07 INFO] Running AutoCompaction...
[2020-11-15 13:32:07 INFO] Running AutoCompaction...
[2020-11-15 13:38:10 INFO] Running AutoCompaction...
[2020-11-15 13:44:10 INFO] Running AutoCompaction...
[2020-11-15 13:50:10 INFO] Running AutoCompaction...
[2020-11-15 13:56:10 INFO] Running AutoCompaction...
[2020-11-15 14:02:12 INFO] Running AutoCompaction...
[2020-11-15 14:08:12 INFO] Running AutoCompaction...
[2020-11-15 14:14:12 INFO] Running AutoCompaction...
[2020-11-15 14:20:12 INFO] Running AutoCompaction...
[2020-11-15 14:26:14 INFO] Running AutoCompaction...
[2020-11-15 14:32:14 INFO] Running AutoCompaction...
[2020-11-15 14:38:14 INFO] Running AutoCompaction...
[2020-11-15 14:44:14 INFO] Running AutoCompaction...
[2020-11-15 14:50:16 INFO] Running AutoCompaction...
[2020-11-15 14:56:16 INFO] Running AutoCompaction...
[2020-11-15 14:59:59 INFO] Player connected: eric29696261, xuid: 2535446130721457
[2020-11-15 15:02:16 INFO] Running AutoCompaction...
[2020-11-15 15:12:17 INFO] Running AutoCompaction...
[2020-11-15 15:16:24 INFO] Player disconnected: eric29696261, xuid: 2535446130721457
[2020-11-15 15:18:17 INFO] Running AutoCompaction...
[2020-11-15 15:18:46 INFO] Player connected: eric29696261, xuid: 2535446130721457
[2020-11-15 15:22:58 INFO] Player disconnected: eric29696261, xuid: 2535446130721457
[2020-11-15 15:27:34 INFO] Running AutoCompaction...
[2020-11-15 15:33:35 INFO] Running AutoCompaction...
[2020-11-15 15:39:35 INFO] Running AutoCompaction...
[2020-11-15 15:45:35 INFO] Running AutoCompaction...
[2020-11-15 15:51:38 INFO] Running AutoCompaction...
[2020-11-15 15:57:38 INFO] Running AutoCompaction...
[2020-11-15 16:03:38 INFO] Running AutoCompaction...
[2020-11-15 16:09:38 INFO] Running AutoCompaction...
[2020-11-15 16:15:40 INFO] Running AutoCompaction...
[2020-11-15 16:21:40 INFO] Running AutoCompaction...
[2020-11-15 16:27:40 INFO] Running AutoCompaction...
[2020-11-15 16:33:40 INFO] Running AutoCompaction...
[2020-11-15 16:39:42 INFO] Running AutoCompaction...
[2020-11-15 16:45:42 INFO] Running AutoCompaction...
[2020-11-15 16:51:42 INFO] Running AutoCompaction...
[2020-11-15 16:57:42 INFO] Running AutoCompaction...
[2020-11-15 17:03:44 INFO] Running AutoCompaction...
[2020-11-15 17:09:44 INFO] Running AutoCompaction...
[2020-11-15 17:15:44 INFO] Running AutoCompaction...
[2020-11-15 17:21:44 INFO] Running AutoCompaction...
[2020-11-15 17:27:47 INFO] Running AutoCompaction...
[2020-11-15 17:33:47 INFO] Running AutoCompaction...
[2020-11-15 17:39:47 INFO] Running AutoCompaction...
[2020-11-15 17:45:47 INFO] Running AutoCompaction...
[2020-11-15 17:51:49 INFO] Running AutoCompaction...
[2020-11-15 17:57:49 INFO] Running AutoCompaction...
[2020-11-15 18:03:49 INFO] Running AutoCompaction...
[2020-11-15 18:09:49 INFO] Running AutoCompaction...
[2020-11-15 18:15:51 INFO] Running AutoCompaction...
[2020-11-15 18:21:51 INFO] Running AutoCompaction...
[2020-11-15 18:27:51 INFO] Running AutoCompaction...
[2020-11-15 18:33:51 INFO] Running AutoCompaction...
[2020-11-15 18:39:53 INFO] Running AutoCompaction...
[2020-11-15 18:45:53 INFO] Running AutoCompaction...
[2020-11-15 18:51:53 INFO] Running AutoCompaction...
[2020-11-15 18:57:53 INFO] Running AutoCompaction...
[2020-11-15 19:03:55 INFO] Running AutoCompaction...
[2020-11-15 19:09:55 INFO] Running AutoCompaction...
[2020-11-15 19:15:55 INFO] Running AutoCompaction...
[2020-11-15 19:21:55 INFO] Running AutoCompaction...
[2020-11-15 19:27:57 INFO] Running AutoCompaction...
[2020-11-15 19:33:57 INFO] Running AutoCompaction...
[2020-11-15 19:39:57 INFO] Running AutoCompaction...
[2020-11-15 19:45:57 INFO] Running AutoCompaction...
[2020-11-15 19:51:59 INFO] Running AutoCompaction...
[2020-11-15 19:57:59 INFO] Running AutoCompaction...
[2020-11-15 20:03:59 INFO] Running AutoCompaction...
[2020-11-15 20:09:59 INFO] Running AutoCompaction...
[2020-11-15 20:16:01 INFO] Running AutoCompaction...
[2020-11-15 20:22:01 INFO] Running AutoCompaction...
[2020-11-15 20:28:01 INFO] Running AutoCompaction...
[2020-11-15 20:34:01 INFO] Running AutoCompaction...
[2020-11-15 20:40:03 INFO] Running AutoCompaction...
[2020-11-15 20:46:03 INFO] Running AutoCompaction...
[2020-11-15 20:52:03 INFO] Running AutoCompaction...
[2020-11-15 20:58:03 INFO] Running AutoCompaction...
[2020-11-15 21:04:05 INFO] Running AutoCompaction...
[2020-11-15 21:10:05 INFO] Running AutoCompaction...
[2020-11-15 21:16:05 INFO] Running AutoCompaction...
[2020-11-15 21:22:05 INFO] Running AutoCompaction...
[2020-11-15 21:28:07 INFO] Running AutoCompaction...
[2020-11-15 21:34:07 INFO] Running AutoCompaction...
[2020-11-15 21:40:07 INFO] Running AutoCompaction...
[2020-11-15 21:46:07 INFO] Running AutoCompaction...
[2020-11-15 21:52:09 INFO] Running AutoCompaction...
[2020-11-15 21:58:09 INFO] Running AutoCompaction...
[2020-11-15 22:04:09 INFO] Running AutoCompaction...
[2020-11-15 22:10:09 INFO] Running AutoCompaction...
[2020-11-15 22:16:11 INFO] Running AutoCompaction...
[2020-11-15 22:22:11 INFO] Running AutoCompaction...
[2020-11-15 22:28:11 INFO] Running AutoCompaction...
[2020-11-15 22:34:11 INFO] Running AutoCompaction...
[2020-11-15 22:40:13 INFO] Running AutoCompaction...
[2020-11-15 22:46:13 INFO] Running AutoCompaction...
[2020-11-15 22:52:13 INFO] Running AutoCompaction...
[2020-11-15 22:58:13 INFO] Running AutoCompaction...
[2020-11-15 23:04:15 INFO] Running AutoCompaction...
[2020-11-15 23:10:15 INFO] Running AutoCompaction...
[2020-11-15 23:16:15 INFO] Running AutoCompaction...
[2020-11-15 23:22:15 INFO] Running AutoCompaction...
[2020-11-15 23:28:17 INFO] Running AutoCompaction...
[2020-11-15 23:34:17 INFO] Running AutoCompaction...
[2020-11-15 23:40:17 INFO] Running AutoCompaction...
[2020-11-15 23:46:17 INFO] Running AutoCompaction...
[2020-11-15 23:52:19 INFO] Running AutoCompaction...
[2020-11-15 23:58:19 INFO] Running AutoCompaction...
[2020-11-16 00:04:19 INFO] Running AutoCompaction...
[2020-11-16 00:10:19 INFO] Running AutoCompaction...
[2020-11-16 00:16:21 INFO] Running AutoCompaction...
[2020-11-16 00:22:21 INFO] Running AutoCompaction...
[2020-11-16 00:28:21 INFO] Running AutoCompaction...
[2020-11-16 00:34:21 INFO] Running AutoCompaction...
[2020-11-16 00:40:23 INFO] Running AutoCompaction...
[2020-11-16 00:46:23 INFO] Running AutoCompaction...
[2020-11-16 00:52:23 INFO] Running AutoCompaction...
[2020-11-16 00:58:23 INFO] Running AutoCompaction...
[2020-11-16 01:04:25 INFO] Running AutoCompaction...
[2020-11-16 01:10:25 INFO] Running AutoCompaction...
[2020-11-16 01:16:25 INFO] Running AutoCompaction...
[2020-11-16 01:22:25 INFO] Running AutoCompaction...
[2020-11-16 01:28:27 INFO] Running AutoCompaction...
[2020-11-16 01:34:27 INFO] Running AutoCompaction...
[2020-11-16 01:40:27 INFO] Running AutoCompaction...
[2020-11-16 01:40:35 INFO] Player connected: Qpumpkin0429, xuid: 2535421828952941
[2020-11-16 01:46:27 INFO] Running AutoCompaction...
[2020-11-16 01:52:33 INFO] Running AutoCompaction...
[2020-11-16 01:53:05 INFO] Player connected: eric29696261, xuid: 2535446130721457
[2020-11-16 02:01:12 INFO] Running AutoCompaction...
[2020-11-16 02:09:43 INFO] Player disconnected: eric29696261, xuid: 2535446130721457
[2020-11-16 02:10:49 INFO] Running AutoCompaction...
[2020-11-16 02:13:24 INFO] Player disconnected: Qpumpkin0429, xuid: 2535421828952941
[2020-11-16 02:16:49 INFO] Running AutoCompaction...
[2020-11-16 02:22:49 INFO] Running AutoCompaction...
[2020-11-16 02:28:49 INFO] Running AutoCompaction...
[2020-11-16 02:34:54 INFO] Running AutoCompaction...
[2020-11-16 02:40:54 INFO] Running AutoCompaction...
[2020-11-16 02:46:54 INFO] Running AutoCompaction...
[2020-11-16 02:52:54 INFO] Running AutoCompaction...
[2020-11-16 02:58:56 INFO] Running AutoCompaction...
[2020-11-16 03:04:56 INFO] Running AutoCompaction...
[2020-11-16 03:10:56 INFO] Running AutoCompaction...
[2020-11-16 03:16:56 INFO] Running AutoCompaction...
[2020-11-16 03:22:58 INFO] Running AutoCompaction...
[2020-11-16 03:28:58 INFO] Running AutoCompaction...
[2020-11-16 03:30:42 INFO] Player connected: eric29696261, xuid: 2535446130721457
[2020-11-16 03:34:58 INFO] Running AutoCompaction...
[2020-11-16 03:42:00 INFO] Player connected: Qpumpkin0429, xuid: 2535421828952941
[2020-11-16 03:46:33 INFO] Running AutoCompaction...
[2020-11-16 03:56:23 INFO] Running AutoCompaction...
[2020-11-16 03:57:42 INFO] Player disconnected: eric29696261, xuid: 2535446130721457
say Server is restarting in 30 seconds! 
[2020-11-16 04:00:04 INFO] Player disconnected: Qpumpkin0429, xuid: 2535421828952941
say Server is restarting in 7 seconds! 
say Server is restarting in 6 seconds! 
say Server is restarting in 5 seconds! 
say Server is restarting in 4 seconds! 
say Server is restarting in 3 seconds! 
say Server is restarting in 2 seconds! 
say Server is restarting in 1 second! 
say Closing server...
stop
[2020-11-16 04:00:31 INFO] Server stop requested.
[2020-11-16 04:00:31 INFO] Stopping server...
Quit correctly
