NO LOG FILE! - setting up server logging...
[2020-11-20 20:30:38 INFO] Starting Server
[2020-11-20 20:30:38 INFO] Version 1.16.100.4
[2020-11-20 20:30:38 INFO] Session ID 7e47c15a-bb25-4b43-96f8-56ab71dcf90e
[2020-11-20 20:30:38 INFO] Level Name: level
[2020-11-20 20:30:38 INFO] Game mode: 0 Survival
[2020-11-20 20:30:38 INFO] Difficulty: 3 HARD
[INFO] opening worlds/level/db
[INFO] IPv4 supported, port: 19132
[INFO] IPv6 supported, port: 19133
[INFO] IPv4 supported, port: 46249
[INFO] IPv6 supported, port: 44770
[INFO] Server started.
[INFO] Player connected: eric29696261, xuid: 2535446130721457
[INFO] Player disconnected: eric29696261, xuid: 2535446130721457
[INFO] Player connected: SongSoSa0406, xuid: 2535468076989485
[INFO] Player disconnected: SongSoSa0406, xuid: 2535468076989485
[INFO] Player connected: SongSoSa0406, xuid: 2535468076989485
[INFO] Running AutoCompaction...
[INFO] Player connected: eric29696261, xuid: 2535446130721457
[INFO] Running AutoCompaction...
[INFO] Running AutoCompaction...
[INFO] Running AutoCompaction...
[INFO] Player disconnected: eric29696261, xuid: 2535446130721457
[INFO] Player disconnected: SongSoSa0406, xuid: 2535468076989485
[INFO] Player connected: SongSoSa0406, xuid: 2535468076989485
[INFO] Running AutoCompaction...
[INFO] Player connected: eric29696261, xuid: 2535446130721457
[INFO] Player disconnected: eric29696261, xuid: 2535446130721457
[INFO] Running AutoCompaction...
[INFO] Running AutoCompaction...
[INFO] Running AutoCompaction...
[INFO] Running AutoCompaction...
[INFO] Running AutoCompaction...
[INFO] Running AutoCompaction...
[INFO] Running AutoCompaction...
[INFO] Player disconnected: SongSoSa0406, xuid: 2535468076989485
[INFO] Running AutoCompaction...
[INFO] Running AutoCompaction...
[INFO] Running AutoCompaction...
[INFO] Running AutoCompaction...
[INFO] Running AutoCompaction...
[INFO] Running AutoCompaction...
[INFO] Running AutoCompaction...
[INFO] Running AutoCompaction...
[INFO] Running AutoCompaction...
[INFO] Running AutoCompaction...
[INFO] Running AutoCompaction...
[INFO] Running AutoCompaction...
[INFO] Running AutoCompaction...
[INFO] Running AutoCompaction...
[INFO] Running AutoCompaction...
[INFO] Running AutoCompaction...
[INFO] Running AutoCompaction...
[INFO] Running AutoCompaction...
[INFO] Running AutoCompaction...
say Server is restarting in 30 seconds! 
say Server is restarting in 7 seconds! 
say Server is restarting in 6 seconds! 
say Server is restarting in 5 seconds! 
say Server is restarting in 4 seconds! 
say Server is restarting in 3 seconds! 
say Server is restarting in 2 seconds! 
say Server is restarting in 1 second! 
say Closing server...
stop
[INFO] Server stop requested.
[INFO] Stopping server...
Quit correctly
