NO LOG FILE! - setting up server logging...
[2020-11-16 04:00:56 INFO] Starting Server
[2020-11-16 04:00:56 INFO] Version 1.16.40.2
[2020-11-16 04:00:56 INFO] Session ID 86e3563c-4e81-4199-92ba-bd8a8704b896
[2020-11-16 04:00:56 INFO] Level Name: level
[2020-11-16 04:00:56 INFO] Game mode: 0 Survival
[2020-11-16 04:00:56 INFO] Difficulty: 3 HARD
[2020-11-16 04:00:57 INFO] opening worlds/level/db
[2020-11-16 04:01:03 INFO] IPv4 supported, port: 19132
[2020-11-16 04:01:03 INFO] IPv6 supported, port: 19133
[2020-11-16 04:01:03 INFO] IPv4 supported, port: 50926
[2020-11-16 04:01:03 INFO] IPv6 supported, port: 55795
[2020-11-16 04:01:05 INFO] Server started.
[2020-11-16 07:01:08 INFO] Player connected: eric29696261, xuid: 2535446130721457
[2020-11-16 07:01:52 INFO] Player connected: Qpumpkin0429, xuid: 2535421828952941
[2020-11-16 07:07:26 INFO] Running AutoCompaction...
[2020-11-16 07:16:23 INFO] Player disconnected: eric29696261, xuid: 2535446130721457
[2020-11-16 07:16:29 INFO] Player disconnected: Qpumpkin0429, xuid: 2535421828952941
[2020-11-16 07:18:58 INFO] Running AutoCompaction...
[2020-11-16 07:24:58 INFO] Running AutoCompaction...
[2020-11-16 07:30:58 INFO] Running AutoCompaction...
[2020-11-16 07:36:58 INFO] Running AutoCompaction...
[2020-11-16 07:43:02 INFO] Running AutoCompaction...
[2020-11-16 07:49:02 INFO] Running AutoCompaction...
[2020-11-16 07:55:02 INFO] Running AutoCompaction...
[2020-11-16 07:56:49 INFO] Player connected: Qpumpkin0429, xuid: 2535421828952941
[2020-11-16 07:57:12 INFO] Player disconnected: Qpumpkin0429, xuid: 2535421828952941
[2020-11-16 07:57:16 INFO] Player connected: Qpumpkin0429, xuid: 2535421828952941
[2020-11-16 08:01:02 INFO] Running AutoCompaction...
[2020-11-16 08:07:06 INFO] Running AutoCompaction...
[2020-11-16 08:07:28 INFO] Player connected: eric29696261, xuid: 2535446130721457
[2020-11-16 08:16:08 INFO] Running AutoCompaction...
[2020-11-16 08:28:08 INFO] Running AutoCompaction...
[2020-11-16 08:39:40 INFO] Running AutoCompaction...
[2020-11-16 08:45:40 INFO] Running AutoCompaction...
[2020-11-16 08:55:57 INFO] Running AutoCompaction...
[2020-11-16 09:01:12 INFO] Player disconnected: Qpumpkin0429, xuid: 2535421828952941
[2020-11-16 09:01:57 INFO] Running AutoCompaction...
[2020-11-16 09:02:04 INFO] Player disconnected: eric29696261, xuid: 2535446130721457
[2020-11-16 09:07:57 INFO] Running AutoCompaction...
[2020-11-16 09:13:57 INFO] Running AutoCompaction...
[2020-11-16 09:20:02 INFO] Running AutoCompaction...
[2020-11-16 09:26:02 INFO] Running AutoCompaction...
[2020-11-16 09:32:02 INFO] Running AutoCompaction...
[2020-11-16 09:38:02 INFO] Running AutoCompaction...
[2020-11-16 09:44:04 INFO] Running AutoCompaction...
[2020-11-16 09:50:04 INFO] Running AutoCompaction...
[2020-11-16 09:56:04 INFO] Running AutoCompaction...
[2020-11-16 10:02:04 INFO] Running AutoCompaction...
[2020-11-16 10:08:06 INFO] Running AutoCompaction...
[2020-11-16 10:14:06 INFO] Running AutoCompaction...
[2020-11-16 10:20:06 INFO] Running AutoCompaction...
[2020-11-16 10:26:06 INFO] Running AutoCompaction...
[2020-11-16 10:32:08 INFO] Running AutoCompaction...
[2020-11-16 10:38:08 INFO] Running AutoCompaction...
[2020-11-16 10:44:08 INFO] Running AutoCompaction...
[2020-11-16 10:50:08 INFO] Running AutoCompaction...
[2020-11-16 10:56:10 INFO] Running AutoCompaction...
[2020-11-16 11:02:10 INFO] Running AutoCompaction...
[2020-11-16 11:08:10 INFO] Running AutoCompaction...
[2020-11-16 11:14:10 INFO] Running AutoCompaction...
[2020-11-16 11:20:12 INFO] Running AutoCompaction...
[2020-11-16 11:26:12 INFO] Running AutoCompaction...
[2020-11-16 11:32:12 INFO] Running AutoCompaction...
[2020-11-16 11:38:12 INFO] Running AutoCompaction...
[2020-11-16 11:41:11 INFO] Player connected: eric29696261, xuid: 2535446130721457
[2020-11-16 11:44:14 INFO] Running AutoCompaction...
[2020-11-16 11:53:11 INFO] Running AutoCompaction...
[2020-11-16 11:59:11 INFO] Running AutoCompaction...
[2020-11-16 12:10:50 INFO] Running AutoCompaction...
[2020-11-16 12:13:22 INFO] Player disconnected: eric29696261, xuid: 2535446130721457
[2020-11-16 12:16:50 INFO] Running AutoCompaction...
[2020-11-16 12:22:50 INFO] Running AutoCompaction...
[2020-11-16 12:28:50 INFO] Running AutoCompaction...
[2020-11-16 12:34:54 INFO] Running AutoCompaction...
[2020-11-16 12:40:54 INFO] Running AutoCompaction...
[2020-11-16 12:46:54 INFO] Running AutoCompaction...
[2020-11-16 12:52:54 INFO] Running AutoCompaction...
[2020-11-16 12:58:56 INFO] Running AutoCompaction...
[2020-11-16 13:04:56 INFO] Running AutoCompaction...
[2020-11-16 13:09:01 INFO] Player connected: Qpumpkin0429, xuid: 2535421828952941
[2020-11-16 13:10:56 INFO] Running AutoCompaction...
[2020-11-16 13:14:31 INFO] Player disconnected: Qpumpkin0429, xuid: 2535421828952941
[2020-11-16 13:15:20 INFO] Player connected: Qpumpkin0429, xuid: 2535421828952941
[2020-11-16 13:21:46 INFO] Running AutoCompaction...
[2020-11-16 13:23:01 INFO] Player disconnected: Qpumpkin0429, xuid: 2535421828952941
[2020-11-16 13:25:38 INFO] Player connected: Qpumpkin0429, xuid: 2535421828952941
[2020-11-16 13:26:30 INFO] Player disconnected: Qpumpkin0429, xuid: 2535421828952941
[2020-11-16 13:27:46 INFO] Running AutoCompaction...
[2020-11-16 13:33:46 INFO] Running AutoCompaction...
[2020-11-16 13:39:46 INFO] Running AutoCompaction...
[2020-11-16 13:45:50 INFO] Running AutoCompaction...
[2020-11-16 13:51:50 INFO] Running AutoCompaction...
[2020-11-16 13:57:50 INFO] Running AutoCompaction...
[2020-11-16 14:03:50 INFO] Running AutoCompaction...
[2020-11-16 14:09:52 INFO] Running AutoCompaction...
[2020-11-16 14:15:52 INFO] Running AutoCompaction...
[2020-11-16 14:21:52 INFO] Running AutoCompaction...
[2020-11-16 14:27:52 INFO] Running AutoCompaction...
[2020-11-16 14:33:54 INFO] Running AutoCompaction...
[2020-11-16 14:39:54 INFO] Running AutoCompaction...
[2020-11-16 14:45:54 INFO] Running AutoCompaction...
[2020-11-16 14:51:54 INFO] Running AutoCompaction...
[2020-11-16 14:57:56 INFO] Running AutoCompaction...
[2020-11-16 15:03:56 INFO] Running AutoCompaction...
[2020-11-16 15:09:56 INFO] Running AutoCompaction...
[2020-11-16 15:15:56 INFO] Running AutoCompaction...
[2020-11-16 15:21:58 INFO] Running AutoCompaction...
[2020-11-16 15:27:58 INFO] Running AutoCompaction...
[2020-11-16 15:33:58 INFO] Running AutoCompaction...
[2020-11-16 15:39:58 INFO] Running AutoCompaction...
[2020-11-16 15:46:00 INFO] Running AutoCompaction...
[2020-11-16 15:52:00 INFO] Running AutoCompaction...
[2020-11-16 15:58:00 INFO] Running AutoCompaction...
[2020-11-16 16:02:28 INFO] Player connected: Qpumpkin0429, xuid: 2535421828952941
[2020-11-16 16:02:43 INFO] Player disconnected: Qpumpkin0429, xuid: 2535421828952941
[2020-11-16 16:02:47 INFO] Player connected: Qpumpkin0429, xuid: 2535421828952941
[2020-11-16 16:04:00 INFO] Running AutoCompaction...
[2020-11-16 16:10:16 INFO] Running AutoCompaction...
[2020-11-16 16:20:54 INFO] Running AutoCompaction...
[2020-11-16 16:21:31 INFO] Player connected: eric29696261, xuid: 2535446130721457
[2020-11-16 16:25:41 INFO] Player disconnected: Qpumpkin0429, xuid: 2535421828952941
[2020-11-16 16:27:59 INFO] Player connected: Qpumpkin0429, xuid: 2535421828952941
[2020-11-16 16:31:44 INFO] Running AutoCompaction...
[2020-11-16 16:40:31 INFO] Running AutoCompaction...
[2020-11-16 16:52:07 INFO] Running AutoCompaction...
[2020-11-16 17:02:07 INFO] Running AutoCompaction...
[2020-11-16 17:04:40 INFO] Player disconnected: Qpumpkin0429, xuid: 2535421828952941
[2020-11-16 17:14:12 INFO] Running AutoCompaction...
[2020-11-16 17:18:25 INFO] Player disconnected: eric29696261, xuid: 2535446130721457
[2020-11-16 17:20:12 INFO] Running AutoCompaction...
[2020-11-16 17:26:12 INFO] Running AutoCompaction...
[2020-11-16 17:32:12 INFO] Running AutoCompaction...
[2020-11-16 17:38:16 INFO] Running AutoCompaction...
[2020-11-16 17:44:16 INFO] Running AutoCompaction...
[2020-11-16 17:50:16 INFO] Running AutoCompaction...
[2020-11-16 17:56:16 INFO] Running AutoCompaction...
[2020-11-16 18:02:18 INFO] Running AutoCompaction...
[2020-11-16 18:08:18 INFO] Running AutoCompaction...
[2020-11-16 18:14:18 INFO] Running AutoCompaction...
[2020-11-16 18:20:18 INFO] Running AutoCompaction...
[2020-11-16 18:26:20 INFO] Running AutoCompaction...
[2020-11-16 18:32:20 INFO] Running AutoCompaction...
[2020-11-16 18:38:20 INFO] Running AutoCompaction...
[2020-11-16 18:44:20 INFO] Running AutoCompaction...
[2020-11-16 18:50:22 INFO] Running AutoCompaction...
[2020-11-16 18:56:22 INFO] Running AutoCompaction...
[2020-11-16 19:02:22 INFO] Running AutoCompaction...
[2020-11-16 19:08:22 INFO] Running AutoCompaction...
[2020-11-16 19:14:24 INFO] Running AutoCompaction...
[2020-11-16 19:20:24 INFO] Running AutoCompaction...
[2020-11-16 19:26:24 INFO] Running AutoCompaction...
[2020-11-16 19:32:24 INFO] Running AutoCompaction...
[2020-11-16 19:38:26 INFO] Running AutoCompaction...
[2020-11-16 19:44:26 INFO] Running AutoCompaction...
[2020-11-16 19:50:26 INFO] Running AutoCompaction...
[2020-11-16 19:56:26 INFO] Running AutoCompaction...
[2020-11-16 20:02:28 INFO] Running AutoCompaction...
[2020-11-16 20:08:28 INFO] Running AutoCompaction...
[2020-11-16 20:14:28 INFO] Running AutoCompaction...
[2020-11-16 20:20:28 INFO] Running AutoCompaction...
[2020-11-16 20:26:30 INFO] Running AutoCompaction...
[2020-11-16 20:32:30 INFO] Running AutoCompaction...
[2020-11-16 20:38:30 INFO] Running AutoCompaction...
[2020-11-16 20:44:30 INFO] Running AutoCompaction...
[2020-11-16 20:50:32 INFO] Running AutoCompaction...
[2020-11-16 20:56:32 INFO] Running AutoCompaction...
[2020-11-16 21:02:32 INFO] Running AutoCompaction...
[2020-11-16 21:08:32 INFO] Running AutoCompaction...
[2020-11-16 21:14:34 INFO] Running AutoCompaction...
[2020-11-16 21:20:34 INFO] Running AutoCompaction...
[2020-11-16 21:26:34 INFO] Running AutoCompaction...
[2020-11-16 21:32:34 INFO] Running AutoCompaction...
[2020-11-16 21:38:36 INFO] Running AutoCompaction...
[2020-11-16 21:44:36 INFO] Running AutoCompaction...
[2020-11-16 21:50:36 INFO] Running AutoCompaction...
[2020-11-16 21:56:36 INFO] Running AutoCompaction...
[2020-11-16 22:02:38 INFO] Running AutoCompaction...
[2020-11-16 22:08:38 INFO] Running AutoCompaction...
[2020-11-16 22:14:38 INFO] Running AutoCompaction...
[2020-11-16 22:20:38 INFO] Running AutoCompaction...
[2020-11-16 22:26:40 INFO] Running AutoCompaction...
[2020-11-16 22:32:40 INFO] Running AutoCompaction...
[2020-11-16 22:38:40 INFO] Running AutoCompaction...
[2020-11-16 22:44:40 INFO] Running AutoCompaction...
[2020-11-16 22:50:42 INFO] Running AutoCompaction...
[2020-11-16 22:56:42 INFO] Running AutoCompaction...
[2020-11-16 23:02:42 INFO] Running AutoCompaction...
[2020-11-16 23:08:42 INFO] Running AutoCompaction...
[2020-11-16 23:14:44 INFO] Running AutoCompaction...
[2020-11-16 23:20:44 INFO] Running AutoCompaction...
[2020-11-16 23:26:44 INFO] Running AutoCompaction...
[2020-11-16 23:32:44 INFO] Running AutoCompaction...
[2020-11-16 23:38:46 INFO] Running AutoCompaction...
[2020-11-16 23:44:46 INFO] Running AutoCompaction...
[2020-11-16 23:50:46 INFO] Running AutoCompaction...
[2020-11-16 23:55:26 INFO] Player connected: eric29696261, xuid: 2535446130721457
[2020-11-16 23:56:46 INFO] Running AutoCompaction...
[2020-11-17 00:03:05 INFO] Running AutoCompaction...
[2020-11-17 00:13:46 INFO] Running AutoCompaction...
[2020-11-17 00:15:44 INFO] Player disconnected: eric29696261, xuid: 2535446130721457
[2020-11-17 00:18:22 INFO] Player connected: eric29696261, xuid: 2535446130721457
[2020-11-17 00:19:18 INFO] Player disconnected: eric29696261, xuid: 2535446130721457
[2020-11-17 00:19:33 INFO] Player connected: eric29696261, xuid: 2535446130721457
[2020-11-17 00:24:55 INFO] Player disconnected: eric29696261, xuid: 2535446130721457
[2020-11-17 00:25:53 INFO] Running AutoCompaction...
[2020-11-17 00:31:53 INFO] Running AutoCompaction...
[2020-11-17 00:36:47 INFO] Player connected: eric29696261, xuid: 2535446130721457
[2020-11-17 00:37:53 INFO] Running AutoCompaction...
[2020-11-17 00:46:03 INFO] Running AutoCompaction...
[2020-11-17 00:57:31 INFO] Running AutoCompaction...
[2020-11-17 01:07:48 INFO] Running AutoCompaction...
[2020-11-17 01:10:28 INFO] Player connected: Qpumpkin0429, xuid: 2535421828952941
[2020-11-17 01:17:29 INFO] Running AutoCompaction...
[2020-11-17 01:18:47 INFO] Player connected: Yuuuu327, xuid: 2535447982356384
[2020-11-17 01:25:49 INFO] Running AutoCompaction...
[2020-11-17 01:30:49 INFO] Player disconnected: Yuuuu327, xuid: 2535447982356384
[2020-11-17 01:36:31 INFO] Running AutoCompaction...
[2020-11-17 01:37:31 INFO] Player disconnected: Qpumpkin0429, xuid: 2535421828952941
[2020-11-17 01:39:16 INFO] Player disconnected: eric29696261, xuid: 2535446130721457
[2020-11-17 01:42:31 INFO] Running AutoCompaction...
[2020-11-17 01:47:12 INFO] Player connected: eric29696261, xuid: 2535446130721457
[2020-11-17 01:48:31 INFO] Running AutoCompaction...
[2020-11-17 01:57:13 INFO] Running AutoCompaction...
[2020-11-17 02:02:56 INFO] Player connected: Qpumpkin0429, xuid: 2535421828952941
[2020-11-17 02:07:51 INFO] Running AutoCompaction...
[2020-11-17 02:09:02 INFO] Player disconnected: Qpumpkin0429, xuid: 2535421828952941
[2020-11-17 02:09:16 INFO] Player disconnected: eric29696261, xuid: 2535446130721457
[2020-11-17 02:13:52 INFO] Running AutoCompaction...
[2020-11-17 02:19:52 INFO] Running AutoCompaction...
[2020-11-17 02:25:52 INFO] Running AutoCompaction...
[2020-11-17 02:27:35 INFO] Player connected: eric29696261, xuid: 2535446130721457
[2020-11-17 02:29:45 INFO] Player disconnected: eric29696261, xuid: 2535446130721457
[2020-11-17 02:31:56 INFO] Running AutoCompaction...
[2020-11-17 02:37:56 INFO] Running AutoCompaction...
[2020-11-17 02:43:56 INFO] Running AutoCompaction...
[2020-11-17 02:49:56 INFO] Running AutoCompaction...
[2020-11-17 02:56:01 INFO] Running AutoCompaction...
[2020-11-17 03:02:01 INFO] Running AutoCompaction...
[2020-11-17 03:03:08 INFO] Player connected: SongSoSa0406, xuid: 2535468076989485
[2020-11-17 03:05:07 INFO] Player connected: eric29696261, xuid: 2535446130721457
[2020-11-17 03:08:01 INFO] Running AutoCompaction...
[2020-11-17 03:08:48 INFO] Player connected: Qpumpkin0429, xuid: 2535421828952941
[2020-11-17 03:12:06 INFO] Player disconnected: Qpumpkin0429, xuid: 2535421828952941
[2020-11-17 03:12:10 INFO] Player disconnected: eric29696261, xuid: 2535446130721457
[2020-11-17 03:12:16 INFO] Player disconnected: SongSoSa0406, xuid: 2535468076989485
[2020-11-17 03:17:30 INFO] Running AutoCompaction...
[2020-11-17 03:23:30 INFO] Running AutoCompaction...
[2020-11-17 03:29:30 INFO] Running AutoCompaction...
[2020-11-17 03:35:30 INFO] Running AutoCompaction...
[2020-11-17 03:41:34 INFO] Running AutoCompaction...
[2020-11-17 03:47:34 INFO] Running AutoCompaction...
[2020-11-17 03:53:34 INFO] Running AutoCompaction...
[2020-11-17 03:59:34 INFO] Running AutoCompaction...
say Server is restarting in 30 seconds! 
say Server is restarting in 7 seconds! 
say Server is restarting in 6 seconds! 
say Server is restarting in 5 seconds! 
say Server is restarting in 4 seconds! 
say Server is restarting in 3 seconds! 
say Server is restarting in 2 seconds! 
say Server is restarting in 1 second! 
say Closing server...
stop
[2020-11-17 04:00:31 INFO] Server stop requested.
[2020-11-17 04:00:31 INFO] Stopping server...
Quit correctly
