NO LOG FILE! - setting up server logging...
[2020-12-10 20:30:36 INFO] Starting Server
[2020-12-10 20:30:36 INFO] Version 1.16.200.2
[2020-12-10 20:30:36 INFO] Session ID aa0098bd-5762-4af1-a2b1-1b95546795c4
[2020-12-10 20:30:36 INFO] Level Name: level
[2020-12-10 20:30:36 INFO] Game mode: 0 Survival
[2020-12-10 20:30:36 INFO] Difficulty: 3 HARD
[INFO] opening worlds/level/db
[INFO] IPv4 supported, port: 19132
[INFO] IPv6 supported, port: 19133
[INFO] IPv4 supported, port: 44726
[INFO] IPv6 supported, port: 48006
[INFO] Server started.
say Server is restarting in 30 seconds! 
say Server is restarting in 7 seconds! 
say Server is restarting in 6 seconds! 
say Server is restarting in 5 seconds! 
say Server is restarting in 4 seconds! 
say Server is restarting in 3 seconds! 
say Server is restarting in 2 seconds! 
say Server is restarting in 1 second! 
say Closing server...
stop
[INFO] Server stop requested.
[INFO] Stopping server...
Quit correctly
