NO LOG FILE! - setting up server logging...
[2020-11-25 20:00:59 INFO] Starting Server
[2020-11-25 20:00:59 INFO] Version 1.16.101.1
[2020-11-25 20:00:59 INFO] Session ID b377e0ae-bb0c-4d04-a7e0-829373d7d281
[2020-11-25 20:00:59 INFO] Level Name: level
[2020-11-25 20:00:59 INFO] Game mode: 0 Survival
[2020-11-25 20:00:59 INFO] Difficulty: 3 HARD
[INFO] opening worlds/level/db
[INFO] IPv4 supported, port: 19132
[INFO] IPv6 supported, port: 19133
[INFO] IPv4 supported, port: 38127
[INFO] IPv6 supported, port: 51128
[INFO] Server started.
[INFO] Running AutoCompaction...
[INFO] Running AutoCompaction...
[INFO] Running AutoCompaction...
[INFO] Running AutoCompaction...
say Stopping server (stop.sh called)...
stop
[INFO] Server stop requested.
[INFO] Stopping server...
Quit correctly
