/bin/bash: warning: setlocale: LC_ALL: cannot change locale (en_US.UTF-8)
NO LOG FILE! - setting up server logging...
[2020-11-11 11:40:01 INFO] Starting Server
[2020-11-11 11:40:01 INFO] Version 1.16.40.2
[2020-11-11 11:40:01 INFO] Session ID 7f98d904-a13b-4674-9bd2-1b4084901cf5
[2020-11-11 11:40:01 INFO] Level Name: level
[2020-11-11 11:40:01 INFO] Game mode: 0 Survival
[2020-11-11 11:40:01 INFO] Difficulty: 3 HARD
[2020-11-11 11:40:01 INFO] opening worlds/level/db
[2020-11-11 11:40:08 INFO] IPv4 supported, port: 19132
[2020-11-11 11:40:08 INFO] IPv6 supported, port: 19133
[2020-11-11 11:40:08 INFO] IPv4 supported, port: 48896
[2020-11-11 11:40:08 INFO] IPv6 supported, port: 48804
[2020-11-11 11:40:10 INFO] Server started.
[2020-11-11 11:40:24 INFO] Player connected: SongSoSa0406, xuid: 2535468076989485
[2020-11-11 11:46:09 INFO] Player connected: eric29696261, xuid: 2535446130721457
[2020-11-11 11:46:32 INFO] Running AutoCompaction...
[2020-11-11 11:47:56 INFO] Player connected: Yuuuu327, xuid: 2535447982356384
op Yuuuu327
Opped: Yuuuu327
reload
Existing function files have been reloaded. Restart Minecraft to reload NEW functions.
[2020-11-11 11:52:39 INFO] Running AutoCompaction...
[2020-11-11 11:54:56 INFO] Player disconnected: Yuuuu327, xuid: 2535447982356384
[2020-11-11 12:04:23 INFO] Running AutoCompaction...
[2020-11-11 12:10:24 INFO] Running AutoCompaction...
[2020-11-11 12:16:24 INFO] Running AutoCompaction...
[2020-11-11 12:22:25 INFO] Running AutoCompaction...
[2020-11-11 12:28:26 INFO] Running AutoCompaction...
[2020-11-11 12:34:26 INFO] Running AutoCompaction...
[2020-11-11 12:40:26 INFO] Running AutoCompaction...
[2020-11-11 12:46:26 INFO] Running AutoCompaction...
[2020-11-11 12:52:28 INFO] Running AutoCompaction...
[2020-11-11 12:58:28 INFO] Running AutoCompaction...
[2020-11-11 13:04:28 INFO] Running AutoCompaction...
[2020-11-11 13:10:28 INFO] Running AutoCompaction...
[2020-11-11 13:10:50 INFO] Player connected: Yuuuu327, xuid: 2535447982356384
[2020-11-11 13:16:29 INFO] Running AutoCompaction...
[2020-11-11 13:18:59 INFO] Player disconnected: Yuuuu327, xuid: 2535447982356384
[2020-11-11 13:22:29 INFO] Running AutoCompaction...
[2020-11-11 13:30:55 INFO] Running AutoCompaction...
[2020-11-11 13:32:11 INFO] Player disconnected: SongSoSa0406, xuid: 2535468076989485
[2020-11-11 13:33:12 INFO] Player connected: SongSoSa0406, xuid: 2535468076989485
[2020-11-11 13:34:20 INFO] Player disconnected: eric29696261, xuid: 2535446130721457
[2020-11-11 13:38:22 INFO] Running AutoCompaction...
[2020-11-11 13:40:36 INFO] Player connected: Yuuuu327, xuid: 2535447982356384
[2020-11-11 13:42:10 INFO] Player connected: eric29696261, xuid: 2535446130721457
[2020-11-11 13:42:15 INFO] Player disconnected: eric29696261, xuid: 2535446130721457
[2020-11-11 13:42:31 INFO] Player connected: eric29696261, xuid: 2535446130721457
[2020-11-11 13:43:42 INFO] Player disconnected: SongSoSa0406, xuid: 2535468076989485
[2020-11-11 13:48:13 INFO] Running AutoCompaction...
[2020-11-11 13:57:08 INFO] Player connected: SongSoSa0406, xuid: 2535468076989485
[2020-11-11 14:01:06 INFO] Player disconnected: Yuuuu327, xuid: 2535447982356384
[2020-11-11 14:02:53 INFO] Player disconnected: eric29696261, xuid: 2535446130721457
[2020-11-11 14:03:02 INFO] Running AutoCompaction...
[2020-11-11 14:04:25 INFO] Player disconnected: SongSoSa0406, xuid: 2535468076989485
[2020-11-11 14:09:02 INFO] Running AutoCompaction...
[2020-11-11 14:15:02 INFO] Running AutoCompaction...
[2020-11-11 14:21:02 INFO] Running AutoCompaction...
[2020-11-11 14:25:27 INFO] Player connected: eric29696261, xuid: 2535446130721457
[2020-11-11 14:27:05 INFO] Running AutoCompaction...
[2020-11-11 14:35:11 INFO] Player disconnected: eric29696261, xuid: 2535446130721457
[2020-11-11 14:35:48 INFO] Player connected: eric29696261, xuid: 2535446130721457
[2020-11-11 14:38:14 INFO] Running AutoCompaction...
[2020-11-11 14:39:38 INFO] Player disconnected: eric29696261, xuid: 2535446130721457
[2020-11-11 14:44:15 INFO] Running AutoCompaction...
[2020-11-11 14:50:15 INFO] Running AutoCompaction...
[2020-11-11 14:52:51 INFO] Player connected: eric29696261, xuid: 2535446130721457
[2020-11-11 14:53:14 INFO] Player disconnected: eric29696261, xuid: 2535446130721457
[2020-11-11 14:54:02 INFO] Player connected: eric29696261, xuid: 2535446130721457
[2020-11-11 14:54:40 INFO] Player disconnected: eric29696261, xuid: 2535446130721457
[2020-11-11 14:56:15 INFO] Running AutoCompaction...
[2020-11-11 15:02:17 INFO] Running AutoCompaction...
[2020-11-11 15:08:17 INFO] Running AutoCompaction...
[2020-11-11 15:14:17 INFO] Running AutoCompaction...
[2020-11-11 15:16:26 INFO] Player connected: eric29696261, xuid: 2535446130721457
[2020-11-11 15:20:17 INFO] Running AutoCompaction...
[2020-11-11 15:26:20 INFO] Running AutoCompaction...
[2020-11-11 15:32:20 INFO] Running AutoCompaction...
[2020-11-11 15:34:25 INFO] Player connected: SongSoSa0406, xuid: 2535468076989485
[2020-11-11 15:38:20 INFO] Running AutoCompaction...
[2020-11-11 15:38:39 INFO] Player disconnected: SongSoSa0406, xuid: 2535468076989485
[2020-11-11 15:38:55 INFO] Player connected: SongSoSa0406, xuid: 2535468076989485
[2020-11-11 15:44:20 INFO] Running AutoCompaction...
[2020-11-11 15:50:23 INFO] Running AutoCompaction...
[2020-11-11 15:55:28 INFO] Player disconnected: eric29696261, xuid: 2535446130721457
[2020-11-11 15:56:23 INFO] Running AutoCompaction...
[2020-11-11 16:02:23 INFO] Running AutoCompaction...
[2020-11-11 16:02:49 INFO] Player disconnected: SongSoSa0406, xuid: 2535468076989485
[2020-11-11 16:02:59 INFO] Player connected: SongSoSa0406, xuid: 2535468076989485
[2020-11-11 16:11:47 INFO] Running AutoCompaction...
[2020-11-11 16:16:31 INFO] Player connected: eric29696261, xuid: 2535446130721457
[2020-11-11 16:18:10 INFO] Player disconnected: eric29696261, xuid: 2535446130721457
[2020-11-11 16:23:18 INFO] Running AutoCompaction...
[2020-11-11 16:29:18 INFO] Running AutoCompaction...
[2020-11-11 16:30:23 INFO] Player disconnected: SongSoSa0406, xuid: 2535468076989485
[2020-11-11 16:30:38 INFO] Player connected: SongSoSa0406, xuid: 2535468076989485
[2020-11-11 16:35:19 INFO] Running AutoCompaction...
[2020-11-11 16:39:29 INFO] Player disconnected: SongSoSa0406, xuid: 2535468076989485
[2020-11-11 16:39:38 INFO] Player connected: SongSoSa0406, xuid: 2535468076989485
[2020-11-11 16:41:19 INFO] Running AutoCompaction...
[2020-11-11 16:42:20 INFO] Player connected: eric29696261, xuid: 2535446130721457
[2020-11-11 16:47:21 INFO] Running AutoCompaction...
[2020-11-11 16:58:02 INFO] Running AutoCompaction...
[2020-11-11 17:09:40 INFO] Running AutoCompaction...
[2020-11-11 17:10:34 INFO] Player disconnected: eric29696261, xuid: 2535446130721457
[2020-11-11 17:11:23 INFO] Player disconnected: SongSoSa0406, xuid: 2535468076989485
[2020-11-11 17:15:36 INFO] Player connected: SongSoSa0406, xuid: 2535468076989485
[2020-11-11 17:15:40 INFO] Running AutoCompaction...
[2020-11-11 17:24:35 INFO] Running AutoCompaction...
[2020-11-11 17:30:35 INFO] Running AutoCompaction...
[2020-11-11 17:36:35 INFO] Running AutoCompaction...
[2020-11-11 17:47:57 INFO] Running AutoCompaction...
[2020-11-11 17:53:57 INFO] Running AutoCompaction...
[2020-11-11 17:59:57 INFO] Running AutoCompaction...
[2020-11-11 18:02:17 INFO] Player disconnected: SongSoSa0406, xuid: 2535468076989485
[2020-11-11 18:05:57 INFO] Running AutoCompaction...
[2020-11-11 18:11:59 INFO] Running AutoCompaction...
[2020-11-11 18:17:59 INFO] Running AutoCompaction...
[2020-11-11 18:23:59 INFO] Running AutoCompaction...
[2020-11-11 18:29:59 INFO] Running AutoCompaction...
[2020-11-11 18:36:01 INFO] Running AutoCompaction...
[2020-11-11 18:42:01 INFO] Running AutoCompaction...
[2020-11-11 18:48:01 INFO] Running AutoCompaction...
[2020-11-11 18:54:01 INFO] Running AutoCompaction...
[2020-11-11 19:00:04 INFO] Running AutoCompaction...
[2020-11-11 19:06:04 INFO] Running AutoCompaction...
[2020-11-11 19:12:04 INFO] Running AutoCompaction...
[2020-11-11 19:18:04 INFO] Running AutoCompaction...
[2020-11-11 19:24:06 INFO] Running AutoCompaction...
[2020-11-11 19:30:06 INFO] Running AutoCompaction...
[2020-11-11 19:36:06 INFO] Running AutoCompaction...
[2020-11-11 19:42:06 INFO] Running AutoCompaction...
[2020-11-11 19:48:08 INFO] Running AutoCompaction...
[2020-11-11 19:54:08 INFO] Running AutoCompaction...
[2020-11-11 20:00:08 INFO] Running AutoCompaction...
[2020-11-11 20:06:08 INFO] Running AutoCompaction...
[2020-11-11 20:12:10 INFO] Running AutoCompaction...
[2020-11-11 20:18:10 INFO] Running AutoCompaction...
[2020-11-11 20:24:10 INFO] Running AutoCompaction...
[2020-11-11 20:30:10 INFO] Running AutoCompaction...
[2020-11-11 20:36:12 INFO] Running AutoCompaction...
[2020-11-11 20:42:12 INFO] Running AutoCompaction...
[2020-11-11 20:48:12 INFO] Running AutoCompaction...
[2020-11-11 20:54:12 INFO] Running AutoCompaction...
[2020-11-11 21:00:14 INFO] Running AutoCompaction...
[2020-11-11 21:06:14 INFO] Running AutoCompaction...
[2020-11-11 21:12:14 INFO] Running AutoCompaction...
[2020-11-11 21:18:14 INFO] Running AutoCompaction...
[2020-11-11 21:24:16 INFO] Running AutoCompaction...
[2020-11-11 21:30:16 INFO] Running AutoCompaction...
[2020-11-11 21:36:16 INFO] Running AutoCompaction...
[2020-11-11 21:42:16 INFO] Running AutoCompaction...
[2020-11-11 21:48:18 INFO] Running AutoCompaction...
[2020-11-11 21:54:18 INFO] Running AutoCompaction...
[2020-11-11 22:00:18 INFO] Running AutoCompaction...
[2020-11-11 22:06:18 INFO] Running AutoCompaction...
[2020-11-11 22:12:20 INFO] Running AutoCompaction...
[2020-11-11 22:18:20 INFO] Running AutoCompaction...
[2020-11-11 22:24:20 INFO] Running AutoCompaction...
[2020-11-11 22:30:20 INFO] Running AutoCompaction...
[2020-11-11 22:36:22 INFO] Running AutoCompaction...
[2020-11-11 22:42:22 INFO] Running AutoCompaction...
[2020-11-11 22:48:22 INFO] Running AutoCompaction...
[2020-11-11 22:54:22 INFO] Running AutoCompaction...
[2020-11-11 23:00:24 INFO] Running AutoCompaction...
[2020-11-11 23:06:24 INFO] Running AutoCompaction...
[2020-11-11 23:12:24 INFO] Running AutoCompaction...
[2020-11-11 23:18:24 INFO] Running AutoCompaction...
[2020-11-11 23:24:26 INFO] Running AutoCompaction...
[2020-11-11 23:30:26 INFO] Running AutoCompaction...
[2020-11-11 23:36:26 INFO] Running AutoCompaction...
[2020-11-11 23:42:26 INFO] Running AutoCompaction...
[2020-11-11 23:48:28 INFO] Running AutoCompaction...
[2020-11-11 23:54:28 INFO] Running AutoCompaction...
[2020-11-12 00:00:28 INFO] Running AutoCompaction...
[2020-11-12 00:05:52 INFO] Player connected: eric29696261, xuid: 2535446130721457
[2020-11-12 00:06:28 INFO] Running AutoCompaction...
[2020-11-12 00:08:11 INFO] Player disconnected: eric29696261, xuid: 2535446130721457
[2020-11-12 00:12:35 INFO] Running AutoCompaction...
[2020-11-12 00:18:35 INFO] Running AutoCompaction...
[2020-11-12 00:24:35 INFO] Running AutoCompaction...
[2020-11-12 00:30:35 INFO] Running AutoCompaction...
[2020-11-12 00:36:37 INFO] Running AutoCompaction...
[2020-11-12 00:42:37 INFO] Running AutoCompaction...
[2020-11-12 00:48:37 INFO] Running AutoCompaction...
[2020-11-12 00:54:37 INFO] Running AutoCompaction...
[2020-11-12 01:00:39 INFO] Running AutoCompaction...
[2020-11-12 01:06:39 INFO] Running AutoCompaction...
[2020-11-12 01:12:39 INFO] Running AutoCompaction...
[2020-11-12 01:18:39 INFO] Running AutoCompaction...
[2020-11-12 01:20:14 INFO] Player connected: eric29696261, xuid: 2535446130721457
[2020-11-12 01:24:07 INFO] Player connected: Qpumpkin0429, xuid: 2535421828952941
[2020-11-12 01:24:41 INFO] Running AutoCompaction...
[2020-11-12 01:25:47 INFO] Player disconnected: Qpumpkin0429, xuid: 2535421828952941
[2020-11-12 01:26:15 INFO] Player connected: Qpumpkin0429, xuid: 2535421828952941
[2020-11-12 01:30:41 INFO] Running AutoCompaction...
[2020-11-12 01:42:33 INFO] Running AutoCompaction...
[2020-11-12 01:53:48 INFO] Running AutoCompaction...
[2020-11-12 02:05:26 INFO] Running AutoCompaction...
[2020-11-12 02:06:23 INFO] Player disconnected: eric29696261, xuid: 2535446130721457
[2020-11-12 02:08:18 INFO] Player connected: eric29696261, xuid: 2535446130721457
[2020-11-12 02:11:26 INFO] Running AutoCompaction...
[2020-11-12 02:12:51 INFO] Player connected: SongSoSa0406, xuid: 2535468076989485
[2020-11-12 02:15:18 INFO] Player disconnected: Qpumpkin0429, xuid: 2535421828952941
[2020-11-12 02:18:44 INFO] Player disconnected: SongSoSa0406, xuid: 2535468076989485
[2020-11-12 02:22:36 INFO] Running AutoCompaction...
[2020-11-12 02:28:36 INFO] Running AutoCompaction...
[2020-11-12 02:34:36 INFO] Running AutoCompaction...
[2020-11-12 02:40:36 INFO] Running AutoCompaction...
[2020-11-12 02:43:44 INFO] Player disconnected: eric29696261, xuid: 2535446130721457
[2020-11-12 02:46:38 INFO] Running AutoCompaction...
[2020-11-12 02:52:38 INFO] Running AutoCompaction...
[2020-11-12 02:54:35 INFO] Player connected: SongSoSa0406, xuid: 2535468076989485
[2020-11-12 02:55:31 INFO] Player connected: Qpumpkin0429, xuid: 2535421828952941
[2020-11-12 02:56:02 INFO] Player disconnected: Qpumpkin0429, xuid: 2535421828952941
[2020-11-12 02:56:40 INFO] Player connected: Qpumpkin0429, xuid: 2535421828952941
[2020-11-12 02:56:40 INFO] Player connected: eric29696261, xuid: 2535446130721457
[2020-11-12 02:57:57 INFO] Player connected: Yuuuu327, xuid: 2535447982356384
[2020-11-12 03:01:55 INFO] Running AutoCompaction...
[2020-11-12 03:08:33 INFO] Player disconnected: Yuuuu327, xuid: 2535447982356384
[2020-11-12 03:08:43 INFO] Player connected: Yuuuu327, xuid: 2535447982356384
[2020-11-12 03:09:20 INFO] Running AutoCompaction...
[2020-11-12 03:12:37 INFO] Player disconnected: Yuuuu327, xuid: 2535447982356384
[2020-11-12 03:12:47 INFO] Player disconnected: eric29696261, xuid: 2535446130721457
[2020-11-12 03:15:23 INFO] Player connected: eric29696261, xuid: 2535446130721457
[2020-11-12 03:16:46 INFO] Player disconnected: Qpumpkin0429, xuid: 2535421828952941
[2020-11-12 03:18:18 INFO] Player disconnected: SongSoSa0406, xuid: 2535468076989485
[2020-11-12 03:18:28 INFO] Running AutoCompaction...
[2020-11-12 03:19:47 INFO] Player disconnected: eric29696261, xuid: 2535446130721457
[2020-11-12 03:24:28 INFO] Running AutoCompaction...
[2020-11-12 03:30:28 INFO] Running AutoCompaction...
[2020-11-12 03:36:28 INFO] Running AutoCompaction...
[2020-11-12 03:37:32 INFO] Player connected: Qpumpkin0429, xuid: 2535421828952941
[2020-11-12 03:42:31 INFO] Running AutoCompaction...
[2020-11-12 03:48:31 INFO] Running AutoCompaction...
[2020-11-12 03:54:31 INFO] Running AutoCompaction...
[2020-11-12 03:55:23 INFO] Player connected: eric29696261, xuid: 2535446130721457
[2020-11-12 03:56:22 INFO] Player connected: eric29696261, xuid: 2535446130721457
[2020-11-12 03:56:27 INFO] Player connected: Yuuuu327, xuid: 2535447982356384
[2020-11-12 03:56:53 INFO] Player connected: SongSoSa0406, xuid: 2535468076989485
[2020-11-12 03:58:24 INFO] Player disconnected: eric29696261, xuid: 2535446130721457
[2020-11-12 03:59:09 INFO] Player connected: eric29696261, xuid: 2535446130721457
say Server is restarting in 30 seconds! 
say Server is restarting in 7 seconds! 
say Server is restarting in 6 seconds! 
say Server is restarting in 5 seconds! 
say Server is restarting in 4 seconds! 
say Server is restarting in 3 seconds! 
say Server is restarting in 2 seconds! 
say Server is restarting in 1 second! 
say Closing server...
stop
[2020-11-12 04:00:31 INFO] Player disconnected: Yuuuu327, xuid: 2535447982356384
[2020-11-12 04:00:31 INFO] Server stop requested.
[2020-11-12 04:00:31 INFO] Stopping server...
Quit correctly
